

Microchip MPLAB XC8 Assembler V2.35 build 20211206165544 
                                                                                               Sat Apr 30 23:45:54 2022

Microchip MPLAB XC8 C Compiler v2.35 (Free license) build 20211206165544 Og1 
     1                           	processor	18F4550
     2                           	fnconf	rparam,??,?,0
     3                           	pagewidth 120
     4                           	opt	flic
     5                           	psect	cinit,global,reloc=2,class=CODE,delta=1
     6                           	psect	cstackCOMRAM,global,class=COMRAM,space=1,delta=1,lowdata,noexec
     7                           	psect	text0,global,reloc=2,class=CODE,delta=1
     8                           	psect	intsave_regs,global,class=BIGRAM,space=1,delta=1,noexec
     9                           	psect	rparam,global,class=COMRAM,space=1,delta=1,noexec
    10                           	psect	idloc,global,abs,ovrld,class=IDLOC,space=5,delta=1,noexec
    11                           	psect	config,global,abs,ovrld,class=CONFIG,space=4,delta=1,noexec
    12  0000                     
    13                           ; Version 2.40
    14                           ; Generated 17/11/2021 GMT
    15                           ; 
    16                           ; Copyright © 2021, Microchip Technology Inc. and its subsidiaries ("Microchip")
    17                           ; All rights reserved.
    18                           ; 
    19                           ; This software is developed by Microchip Technology Inc. and its subsidiaries ("Microch
      +                          ip").
    20                           ; 
    21                           ; Redistribution and use in source and binary forms, with or without modification, are
    22                           ; permitted provided that the following conditions are met:
    23                           ; 
    24                           ;     1. Redistributions of source code must retain the above copyright notice, this lis
      +                          t of
    25                           ;        conditions and the following disclaimer.
    26                           ; 
    27                           ;     2. Redistributions in binary form must reproduce the above copyright notice, this 
      +                          list
    28                           ;        of conditions and the following disclaimer in the documentation and/or other
    29                           ;        materials provided with the distribution. Publication is not required when
    30                           ;        this file is used in an embedded application.
    31                           ; 
    32                           ;     3. Microchip's name may not be used to endorse or promote products derived from th
      +                          is
    33                           ;        software without specific prior written permission.
    34                           ; 
    35                           ; THIS SOFTWARE IS PROVIDED BY MICROCHIP "AS IS" AND ANY EXPRESS OR IMPLIED WARRANTIES,
    36                           ; INCLUDING, BUT NOT LIMITED TO, THE IMPLIED WARRANTIES OF MERCHANTABILITY AND FITNESS F
      +                          OR
    37                           ; PURPOSE ARE DISCLAIMED.  IN NO EVENT SHALL MICROCHIP BE LIABLE FOR ANY DIRECT, INDIREC
      +                          T,
    38                           ; INCIDENTAL, SPECIAL, EXEMPLARY, OR CONSEQUENTIAL DAMAGES (INCLUDING BUT NOT LIMITED TO
    39                           ; PROCUREMENT OF SUBSTITUTE GOODS OR SERVICES; LOSS OF USE, DATA OR PROFITS; OR BUSINESS
    40                           ; INTERRUPTION) HOWSOEVER CAUSED AND ON ANY THEORY OF LIABILITY, WHETHER IN CONTRACT, ST
      +                          RICT
    41                           ; LIABILITY, OR TORT (INCLUDING NEGLIGENCE OR OTHERWISE) ARISING IN ANY WAY OUT OF THE U
      +                          SE OF
    42                           ; THIS SOFTWARE, EVEN IF ADVISED OF THE POSSIBILITY OF SUCH DAMAGE.
    43                           ; 
    44                           ; 
    45                           ; Code-generator required, PIC18F4550 Definitions
    46                           ; 
    47                           ; SFR Addresses
    48  0000                     _PORTDbits	set	3971
    49  0000                     _LATB	set	3978
    50  0000                     _TRISB	set	3987
    51  0000                     _TRISDbits	set	3989
    52  0000                     _ADCON1bits	set	4033
    53                           
    54                           ; #config settings
    55                           
    56                           	psect	cinit
    57  007C82                     __pcinit:
    58                           	callstack 0
    59  007C82                     start_initialization:
    60                           	callstack 0
    61  007C82                     __initialization:
    62                           	callstack 0
    63  007C82                     end_of_initialization:
    64                           	callstack 0
    65  007C82                     __end_of__initialization:
    66                           	callstack 0
    67  007C82  0100               	movlb	0
    68  007C84  EF44  F03E         	goto	_main	;jump to C main() function
    69                           
    70                           	psect	cstackCOMRAM
    71  000001                     __pcstackCOMRAM:
    72                           	callstack 0
    73  000001                     ??_main:
    74                           
    75                           ; 1 bytes @ 0x0
    76  000001                     	ds	2
    77  000003                     main@i:
    78                           	callstack 0
    79                           
    80                           ; 1 bytes @ 0x2
    81  000003                     	ds	1
    82  000004                     main@i_178:
    83                           	callstack 0
    84                           
    85                           ; 1 bytes @ 0x3
    86  000004                     	ds	1
    87  000005                     main@i_179:
    88                           	callstack 0
    89                           
    90                           ; 1 bytes @ 0x4
    91  000005                     	ds	1
    92  000006                     main@i_180:
    93                           	callstack 0
    94                           
    95                           ; 1 bytes @ 0x5
    96  000006                     	ds	1
    97                           
    98 ;;
    99 ;;Main: autosize = 0, tempsize = 2, incstack = 0, save=0
   100 ;;
   101 ;; *************** function _main *****************
   102 ;; Defined at:
   103 ;;		line 74 in file "LUCES.c"
   104 ;; Parameters:    Size  Location     Type
   105 ;;		None
   106 ;; Auto vars:     Size  Location     Type
   107 ;;  i               1    5[COMRAM] unsigned char 
   108 ;;  i               1    4[COMRAM] unsigned char 
   109 ;;  i               1    3[COMRAM] unsigned char 
   110 ;;  i               1    2[COMRAM] unsigned char 
   111 ;; Return value:  Size  Location     Type
   112 ;;                  1    wreg      void 
   113 ;; Registers used:
   114 ;;		wreg, status,2, status,0
   115 ;; Tracked objects:
   116 ;;		On entry : 0/0
   117 ;;		On exit  : 0/0
   118 ;;		Unchanged: 0/0
   119 ;; Data sizes:     COMRAM   BANK0   BANK1   BANK2   BANK3   BANK4   BANK5   BANK6   BANK7
   120 ;;      Params:         0       0       0       0       0       0       0       0       0
   121 ;;      Locals:         4       0       0       0       0       0       0       0       0
   122 ;;      Temps:          2       0       0       0       0       0       0       0       0
   123 ;;      Totals:         6       0       0       0       0       0       0       0       0
   124 ;;Total ram usage:        6 bytes
   125 ;; This function calls:
   126 ;;		Nothing
   127 ;; This function is called by:
   128 ;;		Startup code after reset
   129 ;; This function uses a non-reentrant model
   130 ;;
   131                           
   132                           	psect	text0
   133  007C88                     __ptext0:
   134                           	callstack 0
   135  007C88                     _main:
   136                           	callstack 31
   137  007C88                     
   138                           ;LUCES.c: 77:     ADCON1bits.PCFG = 0x0F;
   139  007C88  0E0F               	movlw	15
   140  007C8A  12C1               	iorwf	193,f,c	;volatile
   141  007C8C                     
   142                           ;LUCES.c: 79:     TRISDbits.RD0 = 1;
   143  007C8C  8095               	bsf	149,0,c	;volatile
   144  007C8E                     
   145                           ;LUCES.c: 80:     TRISDbits.RD1 = 1;
   146  007C8E  8295               	bsf	149,1,c	;volatile
   147  007C90                     
   148                           ;LUCES.c: 81:     TRISDbits.RD2 = 1;
   149  007C90  8495               	bsf	149,2,c	;volatile
   150  007C92                     
   151                           ;LUCES.c: 82:     TRISDbits.RD3 = 1;
   152  007C92  8695               	bsf	149,3,c	;volatile
   153                           
   154                           ;LUCES.c: 84:     TRISB = 0x00;
   155  007C94  0E00               	movlw	0
   156  007C96  6E93               	movwf	147,c	;volatile
   157                           
   158                           ;LUCES.c: 85:     LATB = 0x00;
   159  007C98  0E00               	movlw	0
   160  007C9A  6E8A               	movwf	138,c	;volatile
   161  007C9C                     l722:
   162                           
   163                           ;LUCES.c: 90:         if(PORTDbits.RD0 == 1){
   164  007C9C  A083               	btfss	131,0,c	;volatile
   165  007C9E  EF53  F03E         	goto	u11
   166  007CA2  EF55  F03E         	goto	u10
   167  007CA6                     u11:
   168  007CA6  EFD2  F03E         	goto	l18
   169  007CAA                     u10:
   170  007CAA                     
   171                           ;LUCES.c: 94:             for(char i =0; i < 4; i++){
   172  007CAA  0E00               	movlw	0
   173  007CAC  6E03               	movwf	main@i^0,c
   174  007CAE                     l730:
   175                           
   176                           ;LUCES.c: 96:                LATB = 0b00000001;
   177  007CAE  0E01               	movlw	1
   178  007CB0  6E8A               	movwf	138,c	;volatile
   179  007CB2                     
   180                           ;LUCES.c: 97:                _delay((unsigned long)((100)*(48000000/4000.0)));
   181  007CB2  0E07               	movlw	7
   182  007CB4  6E02               	movwf	(??_main+1)^0,c
   183  007CB6  0E17               	movlw	23
   184  007CB8  6E01               	movwf	??_main^0,c
   185  007CBA  0E6A               	movlw	106
   186  007CBC                     u97:
   187  007CBC  2EE8               	decfsz	wreg,f,c
   188  007CBE  D7FE               	bra	u97
   189  007CC0  2E01               	decfsz	??_main^0,f,c
   190  007CC2  D7FC               	bra	u97
   191  007CC4  2E02               	decfsz	(??_main+1)^0,f,c
   192  007CC6  D7FA               	bra	u97
   193  007CC8  D000               	nop2	
   194  007CCA                     
   195                           ;LUCES.c: 99:                LATB = 0b00000010;
   196  007CCA  0E02               	movlw	2
   197  007CCC  6E8A               	movwf	138,c	;volatile
   198                           
   199                           ;LUCES.c: 100:                _delay((unsigned long)((100)*(48000000/4000.0)));
   200  007CCE  0E07               	movlw	7
   201  007CD0  6E02               	movwf	(??_main+1)^0,c
   202  007CD2  0E17               	movlw	23
   203  007CD4  6E01               	movwf	??_main^0,c
   204  007CD6  0E6A               	movlw	106
   205  007CD8                     u107:
   206  007CD8  2EE8               	decfsz	wreg,f,c
   207  007CDA  D7FE               	bra	u107
   208  007CDC  2E01               	decfsz	??_main^0,f,c
   209  007CDE  D7FC               	bra	u107
   210  007CE0  2E02               	decfsz	(??_main+1)^0,f,c
   211  007CE2  D7FA               	bra	u107
   212  007CE4  D000               	nop2	
   213  007CE6                     
   214                           ;LUCES.c: 102:                LATB = 0b00000100;
   215  007CE6  0E04               	movlw	4
   216  007CE8  6E8A               	movwf	138,c	;volatile
   217  007CEA                     
   218                           ;LUCES.c: 103:                _delay((unsigned long)((100)*(48000000/4000.0)));
   219  007CEA  0E07               	movlw	7
   220  007CEC  6E02               	movwf	(??_main+1)^0,c
   221  007CEE  0E17               	movlw	23
   222  007CF0  6E01               	movwf	??_main^0,c
   223  007CF2  0E6A               	movlw	106
   224  007CF4                     u117:
   225  007CF4  2EE8               	decfsz	wreg,f,c
   226  007CF6  D7FE               	bra	u117
   227  007CF8  2E01               	decfsz	??_main^0,f,c
   228  007CFA  D7FC               	bra	u117
   229  007CFC  2E02               	decfsz	(??_main+1)^0,f,c
   230  007CFE  D7FA               	bra	u117
   231  007D00  D000               	nop2	
   232                           
   233                           ;LUCES.c: 105:                LATB = 0b00001000;
   234  007D02  0E08               	movlw	8
   235  007D04  6E8A               	movwf	138,c	;volatile
   236  007D06                     
   237                           ;LUCES.c: 106:                _delay((unsigned long)((100)*(48000000/4000.0)));
   238  007D06  0E07               	movlw	7
   239  007D08  6E02               	movwf	(??_main+1)^0,c
   240  007D0A  0E17               	movlw	23
   241  007D0C  6E01               	movwf	??_main^0,c
   242  007D0E  0E6A               	movlw	106
   243  007D10                     u127:
   244  007D10  2EE8               	decfsz	wreg,f,c
   245  007D12  D7FE               	bra	u127
   246  007D14  2E01               	decfsz	??_main^0,f,c
   247  007D16  D7FC               	bra	u127
   248  007D18  2E02               	decfsz	(??_main+1)^0,f,c
   249  007D1A  D7FA               	bra	u127
   250  007D1C  D000               	nop2	
   251  007D1E                     
   252                           ;LUCES.c: 108:                LATB = 0b00010000;
   253  007D1E  0E10               	movlw	16
   254  007D20  6E8A               	movwf	138,c	;volatile
   255                           
   256                           ;LUCES.c: 109:                _delay((unsigned long)((100)*(48000000/4000.0)));
   257  007D22  0E07               	movlw	7
   258  007D24  6E02               	movwf	(??_main+1)^0,c
   259  007D26  0E17               	movlw	23
   260  007D28  6E01               	movwf	??_main^0,c
   261  007D2A  0E6A               	movlw	106
   262  007D2C                     u137:
   263  007D2C  2EE8               	decfsz	wreg,f,c
   264  007D2E  D7FE               	bra	u137
   265  007D30  2E01               	decfsz	??_main^0,f,c
   266  007D32  D7FC               	bra	u137
   267  007D34  2E02               	decfsz	(??_main+1)^0,f,c
   268  007D36  D7FA               	bra	u137
   269  007D38  D000               	nop2	
   270  007D3A                     
   271                           ;LUCES.c: 111:                LATB = 0b00100000;
   272  007D3A  0E20               	movlw	32
   273  007D3C  6E8A               	movwf	138,c	;volatile
   274  007D3E                     
   275                           ;LUCES.c: 112:                _delay((unsigned long)((100)*(48000000/4000.0)));
   276  007D3E  0E07               	movlw	7
   277  007D40  6E02               	movwf	(??_main+1)^0,c
   278  007D42  0E17               	movlw	23
   279  007D44  6E01               	movwf	??_main^0,c
   280  007D46  0E6A               	movlw	106
   281  007D48                     u147:
   282  007D48  2EE8               	decfsz	wreg,f,c
   283  007D4A  D7FE               	bra	u147
   284  007D4C  2E01               	decfsz	??_main^0,f,c
   285  007D4E  D7FC               	bra	u147
   286  007D50  2E02               	decfsz	(??_main+1)^0,f,c
   287  007D52  D7FA               	bra	u147
   288  007D54  D000               	nop2	
   289                           
   290                           ;LUCES.c: 114:                LATB = 0b01000000;
   291  007D56  0E40               	movlw	64
   292  007D58  6E8A               	movwf	138,c	;volatile
   293  007D5A                     
   294                           ;LUCES.c: 115:                _delay((unsigned long)((100)*(48000000/4000.0)));
   295  007D5A  0E07               	movlw	7
   296  007D5C  6E02               	movwf	(??_main+1)^0,c
   297  007D5E  0E17               	movlw	23
   298  007D60  6E01               	movwf	??_main^0,c
   299  007D62  0E6A               	movlw	106
   300  007D64                     u157:
   301  007D64  2EE8               	decfsz	wreg,f,c
   302  007D66  D7FE               	bra	u157
   303  007D68  2E01               	decfsz	??_main^0,f,c
   304  007D6A  D7FC               	bra	u157
   305  007D6C  2E02               	decfsz	(??_main+1)^0,f,c
   306  007D6E  D7FA               	bra	u157
   307  007D70  D000               	nop2	
   308  007D72                     
   309                           ;LUCES.c: 117:                LATB = 0b10000000;
   310  007D72  0E80               	movlw	128
   311  007D74  6E8A               	movwf	138,c	;volatile
   312                           
   313                           ;LUCES.c: 118:                _delay((unsigned long)((100)*(48000000/4000.0)));
   314  007D76  0E07               	movlw	7
   315  007D78  6E02               	movwf	(??_main+1)^0,c
   316  007D7A  0E17               	movlw	23
   317  007D7C  6E01               	movwf	??_main^0,c
   318  007D7E  0E6A               	movlw	106
   319  007D80                     u167:
   320  007D80  2EE8               	decfsz	wreg,f,c
   321  007D82  D7FE               	bra	u167
   322  007D84  2E01               	decfsz	??_main^0,f,c
   323  007D86  D7FC               	bra	u167
   324  007D88  2E02               	decfsz	(??_main+1)^0,f,c
   325  007D8A  D7FA               	bra	u167
   326  007D8C  D000               	nop2	
   327  007D8E                     
   328                           ;LUCES.c: 119:             }
   329  007D8E  2A03               	incf	main@i^0,f,c
   330  007D90  0E03               	movlw	3
   331  007D92  6403               	cpfsgt	main@i^0,c
   332  007D94  EFCE  F03E         	goto	u21
   333  007D98  EFD0  F03E         	goto	u20
   334  007D9C                     u21:
   335  007D9C  EF57  F03E         	goto	l730
   336  007DA0                     u20:
   337  007DA0  EF4E  F03E         	goto	l722
   338  007DA4                     l18:
   339  007DA4  A283               	btfss	131,1,c	;volatile
   340  007DA6  EFD7  F03E         	goto	u31
   341  007DAA  EFD9  F03E         	goto	u30
   342  007DAE                     u31:
   343  007DAE  EF56  F03F         	goto	l22
   344  007DB2                     u30:
   345  007DB2                     
   346                           ;LUCES.c: 124:             for(char i =0; i < 4; i++){
   347  007DB2  0E00               	movlw	0
   348  007DB4  6E04               	movwf	main@i_178^0,c
   349  007DB6                     l760:
   350                           
   351                           ;LUCES.c: 126:                LATB = 0b10000000;
   352  007DB6  0E80               	movlw	128
   353  007DB8  6E8A               	movwf	138,c	;volatile
   354  007DBA                     
   355                           ;LUCES.c: 127:                _delay((unsigned long)((100)*(48000000/4000.0)));
   356  007DBA  0E07               	movlw	7
   357  007DBC  6E02               	movwf	(??_main+1)^0,c
   358  007DBE  0E17               	movlw	23
   359  007DC0  6E01               	movwf	??_main^0,c
   360  007DC2  0E6A               	movlw	106
   361  007DC4                     u177:
   362  007DC4  2EE8               	decfsz	wreg,f,c
   363  007DC6  D7FE               	bra	u177
   364  007DC8  2E01               	decfsz	??_main^0,f,c
   365  007DCA  D7FC               	bra	u177
   366  007DCC  2E02               	decfsz	(??_main+1)^0,f,c
   367  007DCE  D7FA               	bra	u177
   368  007DD0  D000               	nop2	
   369  007DD2                     
   370                           ;LUCES.c: 129:                LATB = 0b01000000;
   371  007DD2  0E40               	movlw	64
   372  007DD4  6E8A               	movwf	138,c	;volatile
   373                           
   374                           ;LUCES.c: 130:                _delay((unsigned long)((100)*(48000000/4000.0)));
   375  007DD6  0E07               	movlw	7
   376  007DD8  6E02               	movwf	(??_main+1)^0,c
   377  007DDA  0E17               	movlw	23
   378  007DDC  6E01               	movwf	??_main^0,c
   379  007DDE  0E6A               	movlw	106
   380  007DE0                     u187:
   381  007DE0  2EE8               	decfsz	wreg,f,c
   382  007DE2  D7FE               	bra	u187
   383  007DE4  2E01               	decfsz	??_main^0,f,c
   384  007DE6  D7FC               	bra	u187
   385  007DE8  2E02               	decfsz	(??_main+1)^0,f,c
   386  007DEA  D7FA               	bra	u187
   387  007DEC  D000               	nop2	
   388  007DEE                     
   389                           ;LUCES.c: 132:                LATB = 0b00100000;
   390  007DEE  0E20               	movlw	32
   391  007DF0  6E8A               	movwf	138,c	;volatile
   392  007DF2                     
   393                           ;LUCES.c: 133:                _delay((unsigned long)((100)*(48000000/4000.0)));
   394  007DF2  0E07               	movlw	7
   395  007DF4  6E02               	movwf	(??_main+1)^0,c
   396  007DF6  0E17               	movlw	23
   397  007DF8  6E01               	movwf	??_main^0,c
   398  007DFA  0E6A               	movlw	106
   399  007DFC                     u197:
   400  007DFC  2EE8               	decfsz	wreg,f,c
   401  007DFE  D7FE               	bra	u197
   402  007E00  2E01               	decfsz	??_main^0,f,c
   403  007E02  D7FC               	bra	u197
   404  007E04  2E02               	decfsz	(??_main+1)^0,f,c
   405  007E06  D7FA               	bra	u197
   406  007E08  D000               	nop2	
   407                           
   408                           ;LUCES.c: 135:                LATB = 0b00010000;
   409  007E0A  0E10               	movlw	16
   410  007E0C  6E8A               	movwf	138,c	;volatile
   411  007E0E                     
   412                           ;LUCES.c: 136:                _delay((unsigned long)((100)*(48000000/4000.0)));
   413  007E0E  0E07               	movlw	7
   414  007E10  6E02               	movwf	(??_main+1)^0,c
   415  007E12  0E17               	movlw	23
   416  007E14  6E01               	movwf	??_main^0,c
   417  007E16  0E6A               	movlw	106
   418  007E18                     u207:
   419  007E18  2EE8               	decfsz	wreg,f,c
   420  007E1A  D7FE               	bra	u207
   421  007E1C  2E01               	decfsz	??_main^0,f,c
   422  007E1E  D7FC               	bra	u207
   423  007E20  2E02               	decfsz	(??_main+1)^0,f,c
   424  007E22  D7FA               	bra	u207
   425  007E24  D000               	nop2	
   426  007E26                     
   427                           ;LUCES.c: 138:                LATB = 0b00001000;
   428  007E26  0E08               	movlw	8
   429  007E28  6E8A               	movwf	138,c	;volatile
   430                           
   431                           ;LUCES.c: 139:                _delay((unsigned long)((100)*(48000000/4000.0)));
   432  007E2A  0E07               	movlw	7
   433  007E2C  6E02               	movwf	(??_main+1)^0,c
   434  007E2E  0E17               	movlw	23
   435  007E30  6E01               	movwf	??_main^0,c
   436  007E32  0E6A               	movlw	106
   437  007E34                     u217:
   438  007E34  2EE8               	decfsz	wreg,f,c
   439  007E36  D7FE               	bra	u217
   440  007E38  2E01               	decfsz	??_main^0,f,c
   441  007E3A  D7FC               	bra	u217
   442  007E3C  2E02               	decfsz	(??_main+1)^0,f,c
   443  007E3E  D7FA               	bra	u217
   444  007E40  D000               	nop2	
   445  007E42                     
   446                           ;LUCES.c: 141:                LATB = 0b00000100;
   447  007E42  0E04               	movlw	4
   448  007E44  6E8A               	movwf	138,c	;volatile
   449  007E46                     
   450                           ;LUCES.c: 142:                _delay((unsigned long)((100)*(48000000/4000.0)));
   451  007E46  0E07               	movlw	7
   452  007E48  6E02               	movwf	(??_main+1)^0,c
   453  007E4A  0E17               	movlw	23
   454  007E4C  6E01               	movwf	??_main^0,c
   455  007E4E  0E6A               	movlw	106
   456  007E50                     u227:
   457  007E50  2EE8               	decfsz	wreg,f,c
   458  007E52  D7FE               	bra	u227
   459  007E54  2E01               	decfsz	??_main^0,f,c
   460  007E56  D7FC               	bra	u227
   461  007E58  2E02               	decfsz	(??_main+1)^0,f,c
   462  007E5A  D7FA               	bra	u227
   463  007E5C  D000               	nop2	
   464                           
   465                           ;LUCES.c: 144:                LATB = 0b00000010;
   466  007E5E  0E02               	movlw	2
   467  007E60  6E8A               	movwf	138,c	;volatile
   468  007E62                     
   469                           ;LUCES.c: 145:                _delay((unsigned long)((100)*(48000000/4000.0)));
   470  007E62  0E07               	movlw	7
   471  007E64  6E02               	movwf	(??_main+1)^0,c
   472  007E66  0E17               	movlw	23
   473  007E68  6E01               	movwf	??_main^0,c
   474  007E6A  0E6A               	movlw	106
   475  007E6C                     u237:
   476  007E6C  2EE8               	decfsz	wreg,f,c
   477  007E6E  D7FE               	bra	u237
   478  007E70  2E01               	decfsz	??_main^0,f,c
   479  007E72  D7FC               	bra	u237
   480  007E74  2E02               	decfsz	(??_main+1)^0,f,c
   481  007E76  D7FA               	bra	u237
   482  007E78  D000               	nop2	
   483  007E7A                     
   484                           ;LUCES.c: 147:                LATB = 0b00000001;
   485  007E7A  0E01               	movlw	1
   486  007E7C  6E8A               	movwf	138,c	;volatile
   487                           
   488                           ;LUCES.c: 148:                _delay((unsigned long)((100)*(48000000/4000.0)));
   489  007E7E  0E07               	movlw	7
   490  007E80  6E02               	movwf	(??_main+1)^0,c
   491  007E82  0E17               	movlw	23
   492  007E84  6E01               	movwf	??_main^0,c
   493  007E86  0E6A               	movlw	106
   494  007E88                     u247:
   495  007E88  2EE8               	decfsz	wreg,f,c
   496  007E8A  D7FE               	bra	u247
   497  007E8C  2E01               	decfsz	??_main^0,f,c
   498  007E8E  D7FC               	bra	u247
   499  007E90  2E02               	decfsz	(??_main+1)^0,f,c
   500  007E92  D7FA               	bra	u247
   501  007E94  D000               	nop2	
   502  007E96                     
   503                           ;LUCES.c: 149:             }
   504  007E96  2A04               	incf	main@i_178^0,f,c
   505  007E98  0E03               	movlw	3
   506  007E9A  6404               	cpfsgt	main@i_178^0,c
   507  007E9C  EF52  F03F         	goto	u41
   508  007EA0  EF54  F03F         	goto	u40
   509  007EA4                     u41:
   510  007EA4  EFDB  F03E         	goto	l760
   511  007EA8                     u40:
   512  007EA8  EF4E  F03E         	goto	l722
   513  007EAC                     l22:
   514  007EAC  A483               	btfss	131,2,c	;volatile
   515  007EAE  EF5B  F03F         	goto	u51
   516  007EB2  EF5D  F03F         	goto	u50
   517  007EB6                     u51:
   518  007EB6  EFCC  F03F         	goto	l26
   519  007EBA                     u50:
   520  007EBA                     
   521                           ;LUCES.c: 153:             for(char i =0; i < 4; i++){
   522  007EBA  0E00               	movlw	0
   523  007EBC  6E05               	movwf	main@i_179^0,c
   524  007EBE                     l790:
   525                           
   526                           ;LUCES.c: 155:                LATB = 0b10000001;
   527  007EBE  0E81               	movlw	129
   528  007EC0  6E8A               	movwf	138,c	;volatile
   529  007EC2                     
   530                           ;LUCES.c: 156:                _delay((unsigned long)((100)*(48000000/4000.0)));
   531  007EC2  0E07               	movlw	7
   532  007EC4  6E02               	movwf	(??_main+1)^0,c
   533  007EC6  0E17               	movlw	23
   534  007EC8  6E01               	movwf	??_main^0,c
   535  007ECA  0E6A               	movlw	106
   536  007ECC                     u257:
   537  007ECC  2EE8               	decfsz	wreg,f,c
   538  007ECE  D7FE               	bra	u257
   539  007ED0  2E01               	decfsz	??_main^0,f,c
   540  007ED2  D7FC               	bra	u257
   541  007ED4  2E02               	decfsz	(??_main+1)^0,f,c
   542  007ED6  D7FA               	bra	u257
   543  007ED8  D000               	nop2	
   544  007EDA                     
   545                           ;LUCES.c: 158:                LATB = 0b01000010;
   546  007EDA  0E42               	movlw	66
   547  007EDC  6E8A               	movwf	138,c	;volatile
   548                           
   549                           ;LUCES.c: 159:                _delay((unsigned long)((100)*(48000000/4000.0)));
   550  007EDE  0E07               	movlw	7
   551  007EE0  6E02               	movwf	(??_main+1)^0,c
   552  007EE2  0E17               	movlw	23
   553  007EE4  6E01               	movwf	??_main^0,c
   554  007EE6  0E6A               	movlw	106
   555  007EE8                     u267:
   556  007EE8  2EE8               	decfsz	wreg,f,c
   557  007EEA  D7FE               	bra	u267
   558  007EEC  2E01               	decfsz	??_main^0,f,c
   559  007EEE  D7FC               	bra	u267
   560  007EF0  2E02               	decfsz	(??_main+1)^0,f,c
   561  007EF2  D7FA               	bra	u267
   562  007EF4  D000               	nop2	
   563  007EF6                     
   564                           ;LUCES.c: 161:                LATB = 0b00100100;
   565  007EF6  0E24               	movlw	36
   566  007EF8  6E8A               	movwf	138,c	;volatile
   567  007EFA                     
   568                           ;LUCES.c: 162:                _delay((unsigned long)((100)*(48000000/4000.0)));
   569  007EFA  0E07               	movlw	7
   570  007EFC  6E02               	movwf	(??_main+1)^0,c
   571  007EFE  0E17               	movlw	23
   572  007F00  6E01               	movwf	??_main^0,c
   573  007F02  0E6A               	movlw	106
   574  007F04                     u277:
   575  007F04  2EE8               	decfsz	wreg,f,c
   576  007F06  D7FE               	bra	u277
   577  007F08  2E01               	decfsz	??_main^0,f,c
   578  007F0A  D7FC               	bra	u277
   579  007F0C  2E02               	decfsz	(??_main+1)^0,f,c
   580  007F0E  D7FA               	bra	u277
   581  007F10  D000               	nop2	
   582                           
   583                           ;LUCES.c: 164:                LATB = 0b00011000;
   584  007F12  0E18               	movlw	24
   585  007F14  6E8A               	movwf	138,c	;volatile
   586  007F16                     
   587                           ;LUCES.c: 165:                _delay((unsigned long)((100)*(48000000/4000.0)));
   588  007F16  0E07               	movlw	7
   589  007F18  6E02               	movwf	(??_main+1)^0,c
   590  007F1A  0E17               	movlw	23
   591  007F1C  6E01               	movwf	??_main^0,c
   592  007F1E  0E6A               	movlw	106
   593  007F20                     u287:
   594  007F20  2EE8               	decfsz	wreg,f,c
   595  007F22  D7FE               	bra	u287
   596  007F24  2E01               	decfsz	??_main^0,f,c
   597  007F26  D7FC               	bra	u287
   598  007F28  2E02               	decfsz	(??_main+1)^0,f,c
   599  007F2A  D7FA               	bra	u287
   600  007F2C  D000               	nop2	
   601  007F2E                     
   602                           ;LUCES.c: 167:                LATB = 0b00100100;
   603  007F2E  0E24               	movlw	36
   604  007F30  6E8A               	movwf	138,c	;volatile
   605                           
   606                           ;LUCES.c: 168:                _delay((unsigned long)((100)*(48000000/4000.0)));
   607  007F32  0E07               	movlw	7
   608  007F34  6E02               	movwf	(??_main+1)^0,c
   609  007F36  0E17               	movlw	23
   610  007F38  6E01               	movwf	??_main^0,c
   611  007F3A  0E6A               	movlw	106
   612  007F3C                     u297:
   613  007F3C  2EE8               	decfsz	wreg,f,c
   614  007F3E  D7FE               	bra	u297
   615  007F40  2E01               	decfsz	??_main^0,f,c
   616  007F42  D7FC               	bra	u297
   617  007F44  2E02               	decfsz	(??_main+1)^0,f,c
   618  007F46  D7FA               	bra	u297
   619  007F48  D000               	nop2	
   620  007F4A                     
   621                           ;LUCES.c: 170:                LATB = 0b01000010;
   622  007F4A  0E42               	movlw	66
   623  007F4C  6E8A               	movwf	138,c	;volatile
   624  007F4E                     
   625                           ;LUCES.c: 171:                _delay((unsigned long)((100)*(48000000/4000.0)));
   626  007F4E  0E07               	movlw	7
   627  007F50  6E02               	movwf	(??_main+1)^0,c
   628  007F52  0E17               	movlw	23
   629  007F54  6E01               	movwf	??_main^0,c
   630  007F56  0E6A               	movlw	106
   631  007F58                     u307:
   632  007F58  2EE8               	decfsz	wreg,f,c
   633  007F5A  D7FE               	bra	u307
   634  007F5C  2E01               	decfsz	??_main^0,f,c
   635  007F5E  D7FC               	bra	u307
   636  007F60  2E02               	decfsz	(??_main+1)^0,f,c
   637  007F62  D7FA               	bra	u307
   638  007F64  D000               	nop2	
   639  007F66                     
   640                           ;LUCES.c: 172:         }
   641  007F66  2A05               	incf	main@i_179^0,f,c
   642  007F68  0E03               	movlw	3
   643  007F6A  6405               	cpfsgt	main@i_179^0,c
   644  007F6C  EFBA  F03F         	goto	u61
   645  007F70  EFBC  F03F         	goto	u60
   646  007F74                     u61:
   647  007F74  EF5F  F03F         	goto	l790
   648  007F78                     u60:
   649  007F78                     
   650                           ;LUCES.c: 173:             LATB = 0b10000001;
   651  007F78  0E81               	movlw	129
   652  007F7A  6E8A               	movwf	138,c	;volatile
   653  007F7C                     
   654                           ;LUCES.c: 174:             _delay((unsigned long)((100)*(48000000/4000.0)));
   655  007F7C  0E07               	movlw	7
   656  007F7E  6E02               	movwf	(??_main+1)^0,c
   657  007F80  0E17               	movlw	23
   658  007F82  6E01               	movwf	??_main^0,c
   659  007F84  0E6A               	movlw	106
   660  007F86                     u317:
   661  007F86  2EE8               	decfsz	wreg,f,c
   662  007F88  D7FE               	bra	u317
   663  007F8A  2E01               	decfsz	??_main^0,f,c
   664  007F8C  D7FC               	bra	u317
   665  007F8E  2E02               	decfsz	(??_main+1)^0,f,c
   666  007F90  D7FA               	bra	u317
   667  007F92  D000               	nop2	
   668                           
   669                           ;LUCES.c: 175:     }
   670  007F94  EF4E  F03E         	goto	l722
   671  007F98                     l26:
   672  007F98  A683               	btfss	131,3,c	;volatile
   673  007F9A  EFD1  F03F         	goto	u71
   674  007F9E  EFD3  F03F         	goto	u70
   675  007FA2                     u71:
   676  007FA2  EFFA  F03F         	goto	l830
   677  007FA6                     u70:
   678  007FA6                     
   679                           ;LUCES.c: 177:             for(char i =0; i < 4; i++){
   680  007FA6  0E00               	movlw	0
   681  007FA8  6E06               	movwf	main@i_180^0,c
   682  007FAA                     l822:
   683                           
   684                           ;LUCES.c: 178:                 LATB = 0b00001111;
   685  007FAA  0E0F               	movlw	15
   686  007FAC  6E8A               	movwf	138,c	;volatile
   687  007FAE                     
   688                           ;LUCES.c: 179:                 _delay((unsigned long)((400)*(48000000/4000.0)));
   689  007FAE  0E19               	movlw	25
   690  007FB0  6E02               	movwf	(??_main+1)^0,c
   691  007FB2  0E5A               	movlw	90
   692  007FB4  6E01               	movwf	??_main^0,c
   693  007FB6  0EB2               	movlw	178
   694  007FB8                     u327:
   695  007FB8  2EE8               	decfsz	wreg,f,c
   696  007FBA  D7FE               	bra	u327
   697  007FBC  2E01               	decfsz	??_main^0,f,c
   698  007FBE  D7FC               	bra	u327
   699  007FC0  2E02               	decfsz	(??_main+1)^0,f,c
   700  007FC2  D7FA               	bra	u327
   701  007FC4                     
   702                           ;LUCES.c: 180:                 LATB = 0b11110000;
   703  007FC4  0EF0               	movlw	240
   704  007FC6  6E8A               	movwf	138,c	;volatile
   705                           
   706                           ;LUCES.c: 181:                 _delay((unsigned long)((400)*(48000000/4000.0)));
   707  007FC8  0E19               	movlw	25
   708  007FCA  6E02               	movwf	(??_main+1)^0,c
   709  007FCC  0E5A               	movlw	90
   710  007FCE  6E01               	movwf	??_main^0,c
   711  007FD0  0EB2               	movlw	178
   712  007FD2                     u337:
   713  007FD2  2EE8               	decfsz	wreg,f,c
   714  007FD4  D7FE               	bra	u337
   715  007FD6  2E01               	decfsz	??_main^0,f,c
   716  007FD8  D7FC               	bra	u337
   717  007FDA  2E02               	decfsz	(??_main+1)^0,f,c
   718  007FDC  D7FA               	bra	u337
   719  007FDE                     
   720                           ;LUCES.c: 182:             }
   721  007FDE  2A06               	incf	main@i_180^0,f,c
   722  007FE0  0E03               	movlw	3
   723  007FE2  6406               	cpfsgt	main@i_180^0,c
   724  007FE4  EFF6  F03F         	goto	u81
   725  007FE8  EFF8  F03F         	goto	u80
   726  007FEC                     u81:
   727  007FEC  EFD5  F03F         	goto	l822
   728  007FF0                     u80:
   729  007FF0  EF4E  F03E         	goto	l722
   730  007FF4                     l830:
   731                           
   732                           ;LUCES.c: 185:             LATB = 0b00000000;
   733  007FF4  0E00               	movlw	0
   734  007FF6  6E8A               	movwf	138,c	;volatile
   735  007FF8  EF4E  F03E         	goto	l722
   736  007FFC  EF00  F000         	goto	start
   737  008000                     __end_of_main:
   738                           	callstack 0
   739  0000                     
   740                           	psect	rparam
   741  0000                     
   742                           	psect	idloc
   743                           
   744                           ;Config register IDLOC0 @ 0x200000
   745                           ;	unspecified, using default values
   746  200000                     	org	2097152
   747  200000  FF                 	db	255
   748                           
   749                           ;Config register IDLOC1 @ 0x200001
   750                           ;	unspecified, using default values
   751  200001                     	org	2097153
   752  200001  FF                 	db	255
   753                           
   754                           ;Config register IDLOC2 @ 0x200002
   755                           ;	unspecified, using default values
   756  200002                     	org	2097154
   757  200002  FF                 	db	255
   758                           
   759                           ;Config register IDLOC3 @ 0x200003
   760                           ;	unspecified, using default values
   761  200003                     	org	2097155
   762  200003  FF                 	db	255
   763                           
   764                           ;Config register IDLOC4 @ 0x200004
   765                           ;	unspecified, using default values
   766  200004                     	org	2097156
   767  200004  FF                 	db	255
   768                           
   769                           ;Config register IDLOC5 @ 0x200005
   770                           ;	unspecified, using default values
   771  200005                     	org	2097157
   772  200005  FF                 	db	255
   773                           
   774                           ;Config register IDLOC6 @ 0x200006
   775                           ;	unspecified, using default values
   776  200006                     	org	2097158
   777  200006  FF                 	db	255
   778                           
   779                           ;Config register IDLOC7 @ 0x200007
   780                           ;	unspecified, using default values
   781  200007                     	org	2097159
   782  200007  FF                 	db	255
   783                           
   784                           	psect	config
   785                           
   786                           ;Config register CONFIG1L @ 0x300000
   787                           ;	PLL Prescaler Selection bits
   788                           ;	PLLDIV = 2, Divide by 2 (8 MHz oscillator input)
   789                           ;	System Clock Postscaler Selection bits
   790                           ;	CPUDIV = OSC1_PLL2, [Primary Oscillator Src: /1][96 MHz PLL Src: /2]
   791                           ;	USB Clock Selection bit (used in Full-Speed USB mode only; UCFG:FSEN = 1)
   792                           ;	USBDIV = 2, USB clock source comes from the 96 MHz PLL divided by 2
   793  300000                     	org	3145728
   794  300000  21                 	db	33
   795                           
   796                           ;Config register CONFIG1H @ 0x300001
   797                           ;	Oscillator Selection bits
   798                           ;	FOSC = HSPLL_HS, HS oscillator, PLL enabled (HSPLL)
   799                           ;	Fail-Safe Clock Monitor Enable bit
   800                           ;	FCMEN = OFF, Fail-Safe Clock Monitor disabled
   801                           ;	Internal/External Oscillator Switchover bit
   802                           ;	IESO = OFF, Oscillator Switchover mode disabled
   803  300001                     	org	3145729
   804  300001  0E                 	db	14
   805                           
   806                           ;Config register CONFIG2L @ 0x300002
   807                           ;	Power-up Timer Enable bit
   808                           ;	PWRT = OFF, PWRT disabled
   809                           ;	Brown-out Reset Enable bits
   810                           ;	BOR = OFF, Brown-out Reset disabled in hardware and software
   811                           ;	Brown-out Reset Voltage bits
   812                           ;	BORV = 3, Minimum setting 2.05V
   813                           ;	USB Voltage Regulator Enable bit
   814                           ;	VREGEN = OFF, USB voltage regulator disabled
   815  300002                     	org	3145730
   816  300002  19                 	db	25
   817                           
   818                           ;Config register CONFIG2H @ 0x300003
   819                           ;	Watchdog Timer Enable bit
   820                           ;	WDT = OFF, WDT disabled (control is placed on the SWDTEN bit)
   821                           ;	Watchdog Timer Postscale Select bits
   822                           ;	WDTPS = 32768, 1:32768
   823  300003                     	org	3145731
   824  300003  1E                 	db	30
   825                           
   826                           ; Padding undefined space
   827  300004                     	org	3145732
   828  300004  FF                 	db	255
   829                           
   830                           ;Config register CONFIG3H @ 0x300005
   831                           ;	CCP2 MUX bit
   832                           ;	CCP2MX = OFF, CCP2 input/output is multiplexed with RB3
   833                           ;	PORTB A/D Enable bit
   834                           ;	PBADEN = OFF, PORTB<4:0> pins are configured as digital I/O on Reset
   835                           ;	Low-Power Timer 1 Oscillator Enable bit
   836                           ;	LPT1OSC = OFF, Timer1 configured for higher power operation
   837                           ;	MCLR Pin Enable bit
   838                           ;	MCLRE = ON, MCLR pin enabled; RE3 input pin disabled
   839  300005                     	org	3145733
   840  300005  80                 	db	128
   841                           
   842                           ;Config register CONFIG4L @ 0x300006
   843                           ;	Stack Full/Underflow Reset Enable bit
   844                           ;	STVREN = OFF, Stack full/underflow will not cause Reset
   845                           ;	Single-Supply ICSP Enable bit
   846                           ;	LVP = OFF, Single-Supply ICSP disabled
   847                           ;	Dedicated In-Circuit Debug/Programming Port (ICPORT) Enable bit
   848                           ;	ICPRT = OFF, ICPORT disabled
   849                           ;	Extended Instruction Set Enable bit
   850                           ;	XINST = OFF, Instruction set extension and Indexed Addressing mode disabled (Legacy mo
      +                          de)
   851                           ;	Background Debugger Enable bit
   852                           ;	DEBUG = 0x1, unprogrammed default
   853  300006                     	org	3145734
   854  300006  80                 	db	128
   855                           
   856                           ; Padding undefined space
   857  300007                     	org	3145735
   858  300007  FF                 	db	255
   859                           
   860                           ;Config register CONFIG5L @ 0x300008
   861                           ;	Code Protection bit
   862                           ;	CP0 = OFF, Block 0 (000800-001FFFh) is not code-protected
   863                           ;	Code Protection bit
   864                           ;	CP1 = OFF, Block 1 (002000-003FFFh) is not code-protected
   865                           ;	Code Protection bit
   866                           ;	CP2 = OFF, Block 2 (004000-005FFFh) is not code-protected
   867                           ;	Code Protection bit
   868                           ;	CP3 = OFF, Block 3 (006000-007FFFh) is not code-protected
   869  300008                     	org	3145736
   870  300008  0F                 	db	15
   871                           
   872                           ;Config register CONFIG5H @ 0x300009
   873                           ;	Boot Block Code Protection bit
   874                           ;	CPB = OFF, Boot block (000000-0007FFh) is not code-protected
   875                           ;	Data EEPROM Code Protection bit
   876                           ;	CPD = OFF, Data EEPROM is not code-protected
   877  300009                     	org	3145737
   878  300009  C0                 	db	192
   879                           
   880                           ;Config register CONFIG6L @ 0x30000A
   881                           ;	Write Protection bit
   882                           ;	WRT0 = OFF, Block 0 (000800-001FFFh) is not write-protected
   883                           ;	Write Protection bit
   884                           ;	WRT1 = OFF, Block 1 (002000-003FFFh) is not write-protected
   885                           ;	Write Protection bit
   886                           ;	WRT2 = OFF, Block 2 (004000-005FFFh) is not write-protected
   887                           ;	Write Protection bit
   888                           ;	WRT3 = OFF, Block 3 (006000-007FFFh) is not write-protected
   889  30000A                     	org	3145738
   890  30000A  0F                 	db	15
   891                           
   892                           ;Config register CONFIG6H @ 0x30000B
   893                           ;	Configuration Register Write Protection bit
   894                           ;	WRTC = OFF, Configuration registers (300000-3000FFh) are not write-protected
   895                           ;	Boot Block Write Protection bit
   896                           ;	WRTB = OFF, Boot block (000000-0007FFh) is not write-protected
   897                           ;	Data EEPROM Write Protection bit
   898                           ;	WRTD = OFF, Data EEPROM is not write-protected
   899  30000B                     	org	3145739
   900  30000B  E0                 	db	224
   901                           
   902                           ;Config register CONFIG7L @ 0x30000C
   903                           ;	Table Read Protection bit
   904                           ;	EBTR0 = OFF, Block 0 (000800-001FFFh) is not protected from table reads executed in ot
      +                          her blocks
   905                           ;	Table Read Protection bit
   906                           ;	EBTR1 = OFF, Block 1 (002000-003FFFh) is not protected from table reads executed in ot
      +                          her blocks
   907                           ;	Table Read Protection bit
   908                           ;	EBTR2 = OFF, Block 2 (004000-005FFFh) is not protected from table reads executed in ot
      +                          her blocks
   909                           ;	Table Read Protection bit
   910                           ;	EBTR3 = OFF, Block 3 (006000-007FFFh) is not protected from table reads executed in ot
      +                          her blocks
   911  30000C                     	org	3145740
   912  30000C  0F                 	db	15
   913                           
   914                           ;Config register CONFIG7H @ 0x30000D
   915                           ;	Boot Block Table Read Protection bit
   916                           ;	EBTRB = OFF, Boot block (000000-0007FFh) is not protected from table reads executed in
      +                           other blocks
   917  30000D                     	org	3145741
   918  30000D  40                 	db	64
   919                           tosu	equ	0xFFF
   920                           tosh	equ	0xFFE
   921                           tosl	equ	0xFFD
   922                           stkptr	equ	0xFFC
   923                           pclatu	equ	0xFFB
   924                           pclath	equ	0xFFA
   925                           pcl	equ	0xFF9
   926                           tblptru	equ	0xFF8
   927                           tblptrh	equ	0xFF7
   928                           tblptrl	equ	0xFF6
   929                           tablat	equ	0xFF5
   930                           prodh	equ	0xFF4
   931                           prodl	equ	0xFF3
   932                           indf0	equ	0xFEF
   933                           postinc0	equ	0xFEE
   934                           postdec0	equ	0xFED
   935                           preinc0	equ	0xFEC
   936                           plusw0	equ	0xFEB
   937                           fsr0h	equ	0xFEA
   938                           fsr0l	equ	0xFE9
   939                           wreg	equ	0xFE8
   940                           indf1	equ	0xFE7
   941                           postinc1	equ	0xFE6
   942                           postdec1	equ	0xFE5
   943                           preinc1	equ	0xFE4
   944                           plusw1	equ	0xFE3
   945                           fsr1h	equ	0xFE2
   946                           fsr1l	equ	0xFE1
   947                           bsr	equ	0xFE0
   948                           indf2	equ	0xFDF
   949                           postinc2	equ	0xFDE
   950                           postdec2	equ	0xFDD
   951                           preinc2	equ	0xFDC
   952                           plusw2	equ	0xFDB
   953                           fsr2h	equ	0xFDA
   954                           fsr2l	equ	0xFD9
   955                           status	equ	0xFD8

Data Sizes:
    Strings     0
    Constant    0
    Data        0
    BSS         0
    Persistent  0
    Stack       0

Auto Spaces:
    Space          Size  Autos    Used
    COMRAM           95      6       6
    BANK0           160      0       0
    BANK1           256      0       0
    BANK2           256      0       0
    BANK3           256      0       0
    BANK4           256      0       0
    BANK5           256      0       0
    BANK6           256      0       0
    BANK7           256      0       0

Pointer List with Targets:

    None.

Critical Paths under _main in COMRAM

    None.

Critical Paths under _main in BANK0

    None.

Critical Paths under _main in BANK1

    None.

Critical Paths under _main in BANK2

    None.

Critical Paths under _main in BANK3

    None.

Critical Paths under _main in BANK4

    None.

Critical Paths under _main in BANK5

    None.

Critical Paths under _main in BANK6

    None.

Critical Paths under _main in BANK7

    None.

Call Graph Tables:

 ---------------------------------------------------------------------------------
 (Depth) Function   	        Calls       Base Space   Used Autos Params    Refs
 ---------------------------------------------------------------------------------
 (0) _main                                                 6     6      0     120
                                              0 COMRAM     6     6      0
 ---------------------------------------------------------------------------------
 Estimated maximum stack depth 0
 ---------------------------------------------------------------------------------

 Call Graph Graphs:

 _main (ROOT)

 Address spaces:
Name               Size   Autos  Total    Cost      Usage
BITCOMRAM           5F      0       0       0        0.0%
EEDATA             100      0       0       0        0.0%
NULL                 0      0       0       0        0.0%
CODE                 0      0       0       0        0.0%
COMRAM              5F      6       6       1        6.3%
STACK                0      0       0       2        0.0%
ABS                  0      0       0       3        0.0%
DATA                 0      0       0       4        0.0%
BITBANK0            A0      0       0       5        0.0%
BANK0               A0      0       0       6        0.0%
BITBANK1           100      0       0       7        0.0%
BANK1              100      0       0       8        0.0%
BITBANK2           100      0       0       9        0.0%
BANK2              100      0       0      10        0.0%
BITBANK3           100      0       0      11        0.0%
BANK3              100      0       0      12        0.0%
BITBANK4           100      0       0      13        0.0%
BANK4              100      0       0      14        0.0%
BITBANK5           100      0       0      15        0.0%
BANK5              100      0       0      16        0.0%
BITBANK6           100      0       0      17        0.0%
BANK6              100      0       0      18        0.0%
BITBANK7           100      0       0      19        0.0%
BANK7              100      0       0      20        0.0%
BITBIGSFRh          3E      0       0      21        0.0%
BITBIGSFRlh         2B      0       0      22        0.0%
BITBIGSFRllh         1      0       0      23        0.0%
BITBIGSFRlllh        8      0       0      24        0.0%
BITBIGSFRllllh       6      0       0      25        0.0%
BITBIGSFRlllll      23      0       0      26        0.0%
BIGRAM             7FF      0       0      27        0.0%
BIGSFR               0      0       0     200        0.0%
BITSFR               0      0       0     200        0.0%
SFR                  0      0       0     200        0.0%


Microchip Technology PIC18 Macro Assembler V2.35 build 20211206165544 
Symbol Table                                                                                   Sat Apr 30 23:45:54 2022

                     l22 7EAC                       l26 7F98                       l18 7DA4  
                     u10 7CAA                       u11 7CA6                       u20 7DA0  
                     u21 7D9C                       u30 7DB2                       u31 7DAE  
                     u40 7EA8                       u41 7EA4                       u50 7EBA  
                     u51 7EB6                       u60 7F78                       u61 7F74  
                     u70 7FA6                       u71 7FA2                       u80 7FF0  
                     u81 7FEC                       u97 7CBC                      l800 7F16  
                    l720 7C92                      l712 7C88                      l810 7F68  
                    l802 7F2E                      l730 7CAE                      l722 7C9C  
                    l714 7C8C                      l812 7F78                      l804 7F4A  
                    l740 7D06                      l732 7CB2                      l724 7CAA  
                    l716 7C8E                      l822 7FAA                      l830 7FF4  
                    l814 7F7C                      l806 7F4E                      l750 7D72  
                    l742 7D1E                      l734 7CCA                      l718 7C90  
                    l824 7FAE                      l816 7FA6                      l808 7F66  
                    l760 7DB6                      l752 7D8E                      l744 7D3A  
                    l736 7CE6                      l826 7FC4                      l770 7E0E  
                    l762 7DBA                      l754 7DB2                      l746 7D3E  
                    l738 7CEA                      l828 7FDE                      l780 7E7A  
                    l772 7E26                      l764 7DD2                      l748 7D5A  
                    l790 7EBE                      l782 7E96                      l774 7E42  
                    l766 7DEE                      l792 7EC2                      l784 7EBA  
                    l776 7E46                      l768 7DF2                      l794 7EDA  
                    l778 7E62                      l796 7EF6                      l798 7EFA  
                    u107 7CD8                      u117 7CF4                      u207 7E18  
                    u127 7D10                      u217 7E34                      u137 7D2C  
                    u307 7F58                      u227 7E50                      u147 7D48  
                    u317 7F86                      u237 7E6C                      u157 7D64  
                    u327 7FB8                      u247 7E88                      u167 7D80  
                    u337 7FD2                      u257 7ECC                      u177 7DC4  
                    u267 7EE8                      u187 7DE0                      u277 7F04  
                    u197 7DFC                      u287 7F20                      u297 7F3C  
                    wreg 000FE8                     _LATB 000F8A                     _main 7C88  
                   start 0000             ___param_bank 000000                    ?_main 0001  
                  _TRISB 000F93                    main@i 0003          __initialization 7C82  
           __end_of_main 8000                   ??_main 0001            __activetblptr 000000  
                 isa$std 000001               __accesstop 0060  __end_of__initialization 7C82  
          ___rparam_used 000001           __pcstackCOMRAM 0001                  __Hparam 0000  
                __Lparam 0000                  __pcinit 7C82                  __ramtop 0800  
                __ptext0 7C88     end_of_initialization 7C82                _PORTDbits 000F83  
              _TRISDbits 000F95      start_initialization 7C82               _ADCON1bits 000FC1  
              main@i_180 0006                main@i_178 0004                main@i_179 0005  
               __Hrparam 0000                 __Lrparam 0000                 isa$xinst 000000  
