

Microchip MPLAB XC8 Assembler V3.00 build 20241204225717 
                                                                                               Thu Jul 10 15:26:40 2025

Microchip MPLAB XC8 C Compiler v3.00 (Free license) build 20241204225717 Og1 
     1                           	processor	18F4550
     2                           	fnconf	rparam,??,?,0
     3                           	pagewidth 120
     4                           	opt	flic
     5                           	psect	cinit,global,reloc=2,class=CODE,space=0,delta=1
     6                           	psect	cstackCOMRAM,global,class=COMRAM,space=1,delta=1,lowdata,noexec
     7                           	psect	text0,global,reloc=2,class=CODE,space=0,delta=1
     8                           	psect	smallconst,global,reloc=2,class=SMALLCONST,space=0,delta=1,noexec
     9                           	psect	intsave_regs,global,class=BIGRAM,space=1,delta=1,noexec
    10                           	psect	rparam,global,class=COMRAM,space=1,delta=1,noexec
    11                           	psect	idloc,global,abs,ovrld,class=IDLOC,space=5,delta=1,noexec
    12                           	psect	config,global,abs,ovrld,class=CONFIG,space=4,delta=1,noexec
    13   000000                     
    14                           ; Generated 05/12/2024 GMT
    15                           ; 
    16                           ; Copyright © 2024, Microchip Technology Inc. and its subsidiaries ("Microchip")
    17                           ; All rights reserved.
    18                           ; 
    19                           ; This software is developed by Microchip Technology Inc. and its subsidiaries ("Microch
      +                          ip").
    20                           ; 
    21                           ; Redistribution and use in source and binary forms, with or without modification, are
    22                           ; permitted provided that the following conditions are met:
    23                           ; 
    24                           ;     1. Redistributions of source code must retain the above copyright notice, this lis
      +                          t of
    25                           ;        conditions and the following disclaimer.
    26                           ; 
    27                           ;     2. Redistributions in binary form must reproduce the above copyright notice, this 
      +                          list
    28                           ;        of conditions and the following disclaimer in the documentation and/or other
    29                           ;        materials provided with the distribution. Publication is not required when
    30                           ;        this file is used in an embedded application.
    31                           ; 
    32                           ;     3. Microchip's name may not be used to endorse or promote products derived from th
      +                          is
    33                           ;        software without specific prior written permission.
    34                           ; 
    35                           ; THIS SOFTWARE IS PROVIDED BY MICROCHIP "AS IS" AND ANY EXPRESS OR IMPLIED WARRANTIES,
    36                           ; INCLUDING, BUT NOT LIMITED TO, THE IMPLIED WARRANTIES OF MERCHANTABILITY AND FITNESS F
      +                          OR
    37                           ; PURPOSE ARE DISCLAIMED.  IN NO EVENT SHALL MICROCHIP BE LIABLE FOR ANY DIRECT, INDIREC
      +                          T,
    38                           ; INCIDENTAL, SPECIAL, EXEMPLARY, OR CONSEQUENTIAL DAMAGES (INCLUDING BUT NOT LIMITED TO
    39                           ; PROCUREMENT OF SUBSTITUTE GOODS OR SERVICES; LOSS OF USE, DATA OR PROFITS; OR BUSINESS
    40                           ; INTERRUPTION) HOWSOEVER CAUSED AND ON ANY THEORY OF LIABILITY, WHETHER IN CONTRACT, ST
      +                          RICT
    41                           ; LIABILITY, OR TORT (INCLUDING NEGLIGENCE OR OTHERWISE) ARISING IN ANY WAY OUT OF THE U
      +                          SE OF
    42                           ; THIS SOFTWARE, EVEN IF ADVISED OF THE POSSIBILITY OF SUCH DAMAGE.
    43                           ; 
    44                           ; 
    45                           ; Code-generator required, PIC18F4550 Definitions
    46                           ; 
    47                           ; SFR Addresses
    48   000FE0                     bsr             equ	4064
    49   000FE9                     fsr0            equ	4073
    50   000FEA                     fsr0h           equ	4074
    51   000FE9                     fsr0l           equ	4073
    52   000FE1                     fsr1            equ	4065
    53   000FE2                     fsr1h           equ	4066
    54   000FE1                     fsr1l           equ	4065
    55   000FD9                     fsr2            equ	4057
    56   000FDA                     fsr2h           equ	4058
    57   000FD9                     fsr2l           equ	4057
    58   000FEF                     indf0           equ	4079
    59   000FE7                     indf1           equ	4071
    60   000FDF                     indf2           equ	4063
    61   000FF2                     intcon          equ	4082
    62   000000                     nvmcon          equ	0
    63   000FF9                     pcl             equ	4089
    64   000FFA                     pclath          equ	4090
    65   000FFB                     pclatu          equ	4091
    66   000FEB                     plusw0          equ	4075
    67   000FE3                     plusw1          equ	4067
    68   000FDB                     plusw2          equ	4059
    69   000FED                     postdec0        equ	4077
    70   000FE5                     postdec1        equ	4069
    71   000FDD                     postdec2        equ	4061
    72   000FEE                     postinc0        equ	4078
    73   000FE6                     postinc1        equ	4070
    74   000FDE                     postinc2        equ	4062
    75   000FEC                     preinc0         equ	4076
    76   000FE4                     preinc1         equ	4068
    77   000FDC                     preinc2         equ	4060
    78   000FF3                     prod            equ	4083
    79   000FF4                     prodh           equ	4084
    80   000FF3                     prodl           equ	4083
    81   000FD8                     status          equ	4056
    82   000FF5                     tablat          equ	4085
    83   000FF6                     tblptr          equ	4086
    84   000FF7                     tblptrh         equ	4087
    85   000FF6                     tblptrl         equ	4086
    86   000FF8                     tblptru         equ	4088
    87   000FFD                     tosl            equ	4093
    88   000FE8                     wreg            equ	4072
    89   000F62                     SPPDATA         equ	3938	;# 
    90   000F63                     SPPCFG          equ	3939	;# 
    91   000F64                     SPPEPS          equ	3940	;# 
    92   000F65                     SPPCON          equ	3941	;# 
    93   000F66                     UFRM            equ	3942	;# 
    94   000F66                     UFRML           equ	3942	;# 
    95   000F67                     UFRMH           equ	3943	;# 
    96   000F68                     UIR             equ	3944	;# 
    97   000F69                     UIE             equ	3945	;# 
    98   000F6A                     UEIR            equ	3946	;# 
    99   000F6B                     UEIE            equ	3947	;# 
   100   000F6C                     USTAT           equ	3948	;# 
   101   000F6D                     UCON            equ	3949	;# 
   102   000F6E                     UADDR           equ	3950	;# 
   103   000F6F                     UCFG            equ	3951	;# 
   104   000F70                     UEP0            equ	3952	;# 
   105   000F71                     UEP1            equ	3953	;# 
   106   000F72                     UEP2            equ	3954	;# 
   107   000F73                     UEP3            equ	3955	;# 
   108   000F74                     UEP4            equ	3956	;# 
   109   000F75                     UEP5            equ	3957	;# 
   110   000F76                     UEP6            equ	3958	;# 
   111   000F77                     UEP7            equ	3959	;# 
   112   000F78                     UEP8            equ	3960	;# 
   113   000F79                     UEP9            equ	3961	;# 
   114   000F7A                     UEP10           equ	3962	;# 
   115   000F7B                     UEP11           equ	3963	;# 
   116   000F7C                     UEP12           equ	3964	;# 
   117   000F7D                     UEP13           equ	3965	;# 
   118   000F7E                     UEP14           equ	3966	;# 
   119   000F7F                     UEP15           equ	3967	;# 
   120   000F80                     PORTA           equ	3968	;# 
   121   000F81                     PORTB           equ	3969	;# 
   122   000F82                     PORTC           equ	3970	;# 
   123   000F83                     PORTD           equ	3971	;# 
   124   000F84                     PORTE           equ	3972	;# 
   125   000F89                     LATA            equ	3977	;# 
   126   000F8A                     LATB            equ	3978	;# 
   127   000F8B                     LATC            equ	3979	;# 
   128   000F8C                     LATD            equ	3980	;# 
   129   000F8D                     LATE            equ	3981	;# 
   130   000F92                     TRISA           equ	3986	;# 
   131   000F92                     DDRA            equ	3986	;# 
   132   000F93                     TRISB           equ	3987	;# 
   133   000F93                     DDRB            equ	3987	;# 
   134   000F94                     TRISC           equ	3988	;# 
   135   000F94                     DDRC            equ	3988	;# 
   136   000F95                     TRISD           equ	3989	;# 
   137   000F95                     DDRD            equ	3989	;# 
   138   000F96                     TRISE           equ	3990	;# 
   139   000F96                     DDRE            equ	3990	;# 
   140   000F9B                     OSCTUNE         equ	3995	;# 
   141   000F9D                     PIE1            equ	3997	;# 
   142   000F9E                     PIR1            equ	3998	;# 
   143   000F9F                     IPR1            equ	3999	;# 
   144   000FA0                     PIE2            equ	4000	;# 
   145   000FA1                     PIR2            equ	4001	;# 
   146   000FA2                     IPR2            equ	4002	;# 
   147   000FA6                     EECON1          equ	4006	;# 
   148   000FA7                     EECON2          equ	4007	;# 
   149   000FA8                     EEDATA          equ	4008	;# 
   150   000FA9                     EEADR           equ	4009	;# 
   151   000FAB                     RCSTA           equ	4011	;# 
   152   000FAB                     RCSTA1          equ	4011	;# 
   153   000FAC                     TXSTA           equ	4012	;# 
   154   000FAC                     TXSTA1          equ	4012	;# 
   155   000FAD                     TXREG           equ	4013	;# 
   156   000FAD                     TXREG1          equ	4013	;# 
   157   000FAE                     RCREG           equ	4014	;# 
   158   000FAE                     RCREG1          equ	4014	;# 
   159   000FAF                     SPBRG           equ	4015	;# 
   160   000FAF                     SPBRG1          equ	4015	;# 
   161   000FB0                     SPBRGH          equ	4016	;# 
   162   000FB1                     T3CON           equ	4017	;# 
   163   000FB2                     TMR3            equ	4018	;# 
   164   000FB2                     TMR3L           equ	4018	;# 
   165   000FB3                     TMR3H           equ	4019	;# 
   166   000FB4                     CMCON           equ	4020	;# 
   167   000FB5                     CVRCON          equ	4021	;# 
   168   000FB6                     ECCP1AS         equ	4022	;# 
   169   000FB6                     CCP1AS          equ	4022	;# 
   170   000FB7                     ECCP1DEL        equ	4023	;# 
   171   000FB7                     CCP1DEL         equ	4023	;# 
   172   000FB8                     BAUDCON         equ	4024	;# 
   173   000FB8                     BAUDCTL         equ	4024	;# 
   174   000FBA                     CCP2CON         equ	4026	;# 
   175   000FBB                     CCPR2           equ	4027	;# 
   176   000FBB                     CCPR2L          equ	4027	;# 
   177   000FBC                     CCPR2H          equ	4028	;# 
   178   000FBD                     CCP1CON         equ	4029	;# 
   179   000FBD                     ECCP1CON        equ	4029	;# 
   180   000FBE                     CCPR1           equ	4030	;# 
   181   000FBE                     CCPR1L          equ	4030	;# 
   182   000FBF                     CCPR1H          equ	4031	;# 
   183   000FC0                     ADCON2          equ	4032	;# 
   184   000FC1                     ADCON1          equ	4033	;# 
   185   000FC2                     ADCON0          equ	4034	;# 
   186   000FC3                     ADRES           equ	4035	;# 
   187   000FC3                     ADRESL          equ	4035	;# 
   188   000FC4                     ADRESH          equ	4036	;# 
   189   000FC5                     SSPCON2         equ	4037	;# 
   190   000FC6                     SSPCON1         equ	4038	;# 
   191   000FC7                     SSPSTAT         equ	4039	;# 
   192   000FC8                     SSPADD          equ	4040	;# 
   193   000FC9                     SSPBUF          equ	4041	;# 
   194   000FCA                     T2CON           equ	4042	;# 
   195   000FCB                     PR2             equ	4043	;# 
   196   000FCB                     MEMCON          equ	4043	;# 
   197   000FCC                     TMR2            equ	4044	;# 
   198   000FCD                     T1CON           equ	4045	;# 
   199   000FCE                     TMR1            equ	4046	;# 
   200   000FCE                     TMR1L           equ	4046	;# 
   201   000FCF                     TMR1H           equ	4047	;# 
   202   000FD0                     RCON            equ	4048	;# 
   203   000FD1                     WDTCON          equ	4049	;# 
   204   000FD2                     HLVDCON         equ	4050	;# 
   205   000FD2                     LVDCON          equ	4050	;# 
   206   000FD3                     OSCCON          equ	4051	;# 
   207   000FD5                     T0CON           equ	4053	;# 
   208   000FD6                     TMR0            equ	4054	;# 
   209   000FD6                     TMR0L           equ	4054	;# 
   210   000FD7                     TMR0H           equ	4055	;# 
   211   000FD8                     STATUS          equ	4056	;# 
   212   000FD9                     FSR2            equ	4057	;# 
   213   000FD9                     FSR2L           equ	4057	;# 
   214   000FDA                     FSR2H           equ	4058	;# 
   215   000FDB                     PLUSW2          equ	4059	;# 
   216   000FDC                     PREINC2         equ	4060	;# 
   217   000FDD                     POSTDEC2        equ	4061	;# 
   218   000FDE                     POSTINC2        equ	4062	;# 
   219   000FDF                     INDF2           equ	4063	;# 
   220   000FE0                     BSR             equ	4064	;# 
   221   000FE1                     FSR1            equ	4065	;# 
   222   000FE1                     FSR1L           equ	4065	;# 
   223   000FE2                     FSR1H           equ	4066	;# 
   224   000FE3                     PLUSW1          equ	4067	;# 
   225   000FE4                     PREINC1         equ	4068	;# 
   226   000FE5                     POSTDEC1        equ	4069	;# 
   227   000FE6                     POSTINC1        equ	4070	;# 
   228   000FE7                     INDF1           equ	4071	;# 
   229   000FE8                     WREG            equ	4072	;# 
   230   000FE9                     FSR0            equ	4073	;# 
   231   000FE9                     FSR0L           equ	4073	;# 
   232   000FEA                     FSR0H           equ	4074	;# 
   233   000FEB                     PLUSW0          equ	4075	;# 
   234   000FEC                     PREINC0         equ	4076	;# 
   235   000FED                     POSTDEC0        equ	4077	;# 
   236   000FEE                     POSTINC0        equ	4078	;# 
   237   000FEF                     INDF0           equ	4079	;# 
   238   000FF0                     INTCON3         equ	4080	;# 
   239   000FF1                     INTCON2         equ	4081	;# 
   240   000FF2                     INTCON          equ	4082	;# 
   241   000FF3                     PROD            equ	4083	;# 
   242   000FF3                     PRODL           equ	4083	;# 
   243   000FF4                     PRODH           equ	4084	;# 
   244   000FF5                     TABLAT          equ	4085	;# 
   245   000FF6                     TBLPTR          equ	4086	;# 
   246   000FF6                     TBLPTRL         equ	4086	;# 
   247   000FF7                     TBLPTRH         equ	4087	;# 
   248   000FF8                     TBLPTRU         equ	4088	;# 
   249   000FF9                     PCLAT           equ	4089	;# 
   250   000FF9                     PC              equ	4089	;# 
   251   000FF9                     PCL             equ	4089	;# 
   252   000FFA                     PCLATH          equ	4090	;# 
   253   000FFB                     PCLATU          equ	4091	;# 
   254   000FFC                     STKPTR          equ	4092	;# 
   255   000FFD                     TOS             equ	4093	;# 
   256   000FFD                     TOSL            equ	4093	;# 
   257   000FFE                     TOSH            equ	4094	;# 
   258   000FFF                     TOSU            equ	4095	;# 
   259   000F83                     _PORTDbits      set	3971
   260   000F8A                     _LATB           set	3978
   261   000F93                     _TRISB          set	3987
   262   000F95                     _TRISDbits      set	3989
   263   000FC1                     _ADCON1bits     set	4033
   264                           
   265                           ; #config settings
   266                           
   267                           	psect	cinit
   268   000B66                     __pcinit:
   269                           	callstack 0
   270   000B66                     start_initialization:
   271                           	callstack 0
   272   000B66                     __initialization:
   273                           	callstack 0
   274   000B66                     end_of_initialization:
   275                           	callstack 0
   276   000B66                     __end_of__initialization:
   277                           	callstack 0
   278   000B66  0100               	movlb	0
   279   000B68  EF01  F004         	goto	_main	;jump to C main() function
   280                           
   281                           	psect	cstackCOMRAM
   282   000001                     __pcstackCOMRAM:
   283                           	callstack 0
   284   000001                     ??_main:
   285                           
   286                           ; 1 bytes @ 0x0
   287   000001                     	ds	2
   288   000003                     main@i:
   289                           	callstack 0
   290                           
   291                           ; 1 bytes @ 0x2
   292   000003                     	ds	1
   293   000004                     main@i_178:
   294                           	callstack 0
   295                           
   296                           ; 1 bytes @ 0x3
   297   000004                     	ds	1
   298   000005                     main@i_179:
   299                           	callstack 0
   300                           
   301                           ; 1 bytes @ 0x4
   302   000005                     	ds	1
   303   000006                     main@i_180:
   304                           	callstack 0
   305                           
   306                           ; 1 bytes @ 0x5
   307   000006                     	ds	1
   308                           
   309 ;;
   310 ;;Main: autosize = 0, tempsize = 2, incstack = 0, save=0
   311 ;;
   312 ;; *************** function _main *****************
   313 ;; Defined at:
   314 ;;		line 79 in file "LedsON.c"
   315 ;; Parameters:    Size  Location     Type
   316 ;;		None
   317 ;; Auto vars:     Size  Location     Type
   318 ;;  i               1    5[COMRAM] unsigned char 
   319 ;;  i               1    4[COMRAM] unsigned char 
   320 ;;  i               1    3[COMRAM] unsigned char 
   321 ;;  i               1    2[COMRAM] unsigned char 
   322 ;; Return value:  Size  Location     Type
   323 ;;                  1    wreg      void 
   324 ;; Registers used:
   325 ;;		wreg, status,2, status,0
   326 ;; Tracked objects:
   327 ;;		On entry : 0/0
   328 ;;		On exit  : 0/0
   329 ;;		Unchanged: 0/0
   330 ;; Data sizes:     COMRAM   BANK0   BANK1   BANK2   BANK3   BANK4   BANK5   BANK6   BANK7
   331 ;;      Params:         0       0       0       0       0       0       0       0       0
   332 ;;      Locals:         4       0       0       0       0       0       0       0       0
   333 ;;      Temps:          2       0       0       0       0       0       0       0       0
   334 ;;      Totals:         6       0       0       0       0       0       0       0       0
   335 ;;Total ram usage:        6 bytes
   336 ;; This function calls:
   337 ;;		Nothing
   338 ;; This function is called by:
   339 ;;		Startup code after reset
   340 ;; This function uses a non-reentrant model
   341 ;;
   342                           
   343                           	psect	text0
   344   000802                     __ptext0:
   345                           	callstack 0
   346   000802                     _main:
   347                           	callstack 31
   348   000802                     
   349                           ;LedsON.c: 83:     ADCON1bits.PCFG = 0x0F;
   350   000802  0E0F               	movlw	15
   351   000804  12C1               	iorwf	193,f,c	;volatile
   352   000806                     
   353                           ;LedsON.c: 86:     TRISDbits.RD0 = 1;
   354   000806  8095               	bsf	149,0,c	;volatile
   355   000808                     
   356                           ;LedsON.c: 87:     TRISDbits.RD1 = 1;
   357   000808  8295               	bsf	149,1,c	;volatile
   358   00080A                     
   359                           ;LedsON.c: 88:     TRISDbits.RD2 = 1;
   360   00080A  8495               	bsf	149,2,c	;volatile
   361   00080C                     
   362                           ;LedsON.c: 89:     TRISDbits.RD3 = 1;
   363   00080C  8695               	bsf	149,3,c	;volatile
   364   00080E                     
   365                           ;LedsON.c: 91:     TRISB = 0x00;
   366   00080E  6A93               	clrf	147,c	;volatile
   367   000810                     l724:
   368                           
   369                           ;LedsON.c: 92:     LATB = 0x00;
   370   000810  6A8A               	clrf	138,c	;volatile
   371   000812                     l726:
   372                           
   373                           ;LedsON.c: 97:         if (PORTDbits.RD0 == 1) {
   374   000812  A083               	btfss	131,0,c	;volatile
   375   000814  EF0E  F004         	goto	u11
   376   000818  EF10  F004         	goto	u10
   377   00081C                     u11:
   378   00081C  EF8C  F004         	goto	l18
   379   000820                     u10:
   380   000820                     
   381                           ;LedsON.c: 100:             for (char i = 0; i < 3; i++) {
   382   000820  6A03               	clrf	main@i^0,c
   383   000822                     l734:
   384                           
   385                           ;LedsON.c: 103:                 LATB = 0b00000001;
   386   000822  0E01               	movlw	1
   387   000824  6E8A               	movwf	138,c	;volatile
   388   000826                     
   389                           ;LedsON.c: 104:                 _delay((unsigned long)((100)*(48000000/4000.0)));
   390   000826  0E07               	movlw	7
   391   000828  6E02               	movwf	(??_main+1)^0,c
   392   00082A  0E17               	movlw	23
   393   00082C  6E01               	movwf	??_main^0,c
   394   00082E  0E6A               	movlw	106
   395   000830                     u97:
   396   000830  2EE8               	decfsz	wreg,f,c
   397   000832  D7FE               	bra	u97
   398   000834  2E01               	decfsz	??_main^0,f,c
   399   000836  D7FC               	bra	u97
   400   000838  2E02               	decfsz	(??_main+1)^0,f,c
   401   00083A  D7FA               	bra	u97
   402   00083C  D000               	nop2	
   403   00083E                     
   404                           ;LedsON.c: 107:                 LATB = 0b00000010;
   405   00083E  0E02               	movlw	2
   406   000840  6E8A               	movwf	138,c	;volatile
   407                           
   408                           ;LedsON.c: 108:                 _delay((unsigned long)((100)*(48000000/4000.0)));
   409   000842  0E07               	movlw	7
   410   000844  6E02               	movwf	(??_main+1)^0,c
   411   000846  0E17               	movlw	23
   412   000848  6E01               	movwf	??_main^0,c
   413   00084A  0E6A               	movlw	106
   414   00084C                     u107:
   415   00084C  2EE8               	decfsz	wreg,f,c
   416   00084E  D7FE               	bra	u107
   417   000850  2E01               	decfsz	??_main^0,f,c
   418   000852  D7FC               	bra	u107
   419   000854  2E02               	decfsz	(??_main+1)^0,f,c
   420   000856  D7FA               	bra	u107
   421   000858  D000               	nop2	
   422   00085A                     
   423                           ;LedsON.c: 111:                 LATB = 0b00000100;
   424   00085A  0E04               	movlw	4
   425   00085C  6E8A               	movwf	138,c	;volatile
   426   00085E                     
   427                           ;LedsON.c: 112:                 _delay((unsigned long)((100)*(48000000/4000.0)));
   428   00085E  0E07               	movlw	7
   429   000860  6E02               	movwf	(??_main+1)^0,c
   430   000862  0E17               	movlw	23
   431   000864  6E01               	movwf	??_main^0,c
   432   000866  0E6A               	movlw	106
   433   000868                     u117:
   434   000868  2EE8               	decfsz	wreg,f,c
   435   00086A  D7FE               	bra	u117
   436   00086C  2E01               	decfsz	??_main^0,f,c
   437   00086E  D7FC               	bra	u117
   438   000870  2E02               	decfsz	(??_main+1)^0,f,c
   439   000872  D7FA               	bra	u117
   440   000874  D000               	nop2	
   441                           
   442                           ;LedsON.c: 115:                 LATB = 0b00001000;
   443   000876  0E08               	movlw	8
   444   000878  6E8A               	movwf	138,c	;volatile
   445   00087A                     
   446                           ;LedsON.c: 116:                 _delay((unsigned long)((100)*(48000000/4000.0)));
   447   00087A  0E07               	movlw	7
   448   00087C  6E02               	movwf	(??_main+1)^0,c
   449   00087E  0E17               	movlw	23
   450   000880  6E01               	movwf	??_main^0,c
   451   000882  0E6A               	movlw	106
   452   000884                     u127:
   453   000884  2EE8               	decfsz	wreg,f,c
   454   000886  D7FE               	bra	u127
   455   000888  2E01               	decfsz	??_main^0,f,c
   456   00088A  D7FC               	bra	u127
   457   00088C  2E02               	decfsz	(??_main+1)^0,f,c
   458   00088E  D7FA               	bra	u127
   459   000890  D000               	nop2	
   460   000892                     
   461                           ;LedsON.c: 119:                 LATB = 0b00010000;
   462   000892  0E10               	movlw	16
   463   000894  6E8A               	movwf	138,c	;volatile
   464                           
   465                           ;LedsON.c: 120:                 _delay((unsigned long)((100)*(48000000/4000.0)));
   466   000896  0E07               	movlw	7
   467   000898  6E02               	movwf	(??_main+1)^0,c
   468   00089A  0E17               	movlw	23
   469   00089C  6E01               	movwf	??_main^0,c
   470   00089E  0E6A               	movlw	106
   471   0008A0                     u137:
   472   0008A0  2EE8               	decfsz	wreg,f,c
   473   0008A2  D7FE               	bra	u137
   474   0008A4  2E01               	decfsz	??_main^0,f,c
   475   0008A6  D7FC               	bra	u137
   476   0008A8  2E02               	decfsz	(??_main+1)^0,f,c
   477   0008AA  D7FA               	bra	u137
   478   0008AC  D000               	nop2	
   479   0008AE                     
   480                           ;LedsON.c: 123:                 LATB = 0b00100000;
   481   0008AE  0E20               	movlw	32
   482   0008B0  6E8A               	movwf	138,c	;volatile
   483   0008B2                     
   484                           ;LedsON.c: 124:                 _delay((unsigned long)((100)*(48000000/4000.0)));
   485   0008B2  0E07               	movlw	7
   486   0008B4  6E02               	movwf	(??_main+1)^0,c
   487   0008B6  0E17               	movlw	23
   488   0008B8  6E01               	movwf	??_main^0,c
   489   0008BA  0E6A               	movlw	106
   490   0008BC                     u147:
   491   0008BC  2EE8               	decfsz	wreg,f,c
   492   0008BE  D7FE               	bra	u147
   493   0008C0  2E01               	decfsz	??_main^0,f,c
   494   0008C2  D7FC               	bra	u147
   495   0008C4  2E02               	decfsz	(??_main+1)^0,f,c
   496   0008C6  D7FA               	bra	u147
   497   0008C8  D000               	nop2	
   498                           
   499                           ;LedsON.c: 127:                 LATB = 0b01000000;
   500   0008CA  0E40               	movlw	64
   501   0008CC  6E8A               	movwf	138,c	;volatile
   502   0008CE                     
   503                           ;LedsON.c: 128:                 _delay((unsigned long)((100)*(48000000/4000.0)));
   504   0008CE  0E07               	movlw	7
   505   0008D0  6E02               	movwf	(??_main+1)^0,c
   506   0008D2  0E17               	movlw	23
   507   0008D4  6E01               	movwf	??_main^0,c
   508   0008D6  0E6A               	movlw	106
   509   0008D8                     u157:
   510   0008D8  2EE8               	decfsz	wreg,f,c
   511   0008DA  D7FE               	bra	u157
   512   0008DC  2E01               	decfsz	??_main^0,f,c
   513   0008DE  D7FC               	bra	u157
   514   0008E0  2E02               	decfsz	(??_main+1)^0,f,c
   515   0008E2  D7FA               	bra	u157
   516   0008E4  D000               	nop2	
   517   0008E6                     
   518                           ;LedsON.c: 131:                 LATB = 0b10000000;
   519   0008E6  0E80               	movlw	128
   520   0008E8  6E8A               	movwf	138,c	;volatile
   521                           
   522                           ;LedsON.c: 132:                 _delay((unsigned long)((100)*(48000000/4000.0)));
   523   0008EA  0E07               	movlw	7
   524   0008EC  6E02               	movwf	(??_main+1)^0,c
   525   0008EE  0E17               	movlw	23
   526   0008F0  6E01               	movwf	??_main^0,c
   527   0008F2  0E6A               	movlw	106
   528   0008F4                     u167:
   529   0008F4  2EE8               	decfsz	wreg,f,c
   530   0008F6  D7FE               	bra	u167
   531   0008F8  2E01               	decfsz	??_main^0,f,c
   532   0008FA  D7FC               	bra	u167
   533   0008FC  2E02               	decfsz	(??_main+1)^0,f,c
   534   0008FE  D7FA               	bra	u167
   535   000900  D000               	nop2	
   536   000902                     
   537                           ;LedsON.c: 133:             }
   538   000902  2A03               	incf	main@i^0,f,c
   539   000904  0E02               	movlw	2
   540   000906  6403               	cpfsgt	main@i^0,c
   541   000908  EF88  F004         	goto	u21
   542   00090C  EF8A  F004         	goto	u20
   543   000910                     u21:
   544   000910  EF11  F004         	goto	l734
   545   000914                     u20:
   546   000914  EF09  F004         	goto	l726
   547   000918                     l18:
   548   000918  A283               	btfss	131,1,c	;volatile
   549   00091A  EF91  F004         	goto	u31
   550   00091E  EF93  F004         	goto	u30
   551   000922                     u31:
   552   000922  EF0F  F005         	goto	l22
   553   000926                     u30:
   554   000926                     
   555                           ;LedsON.c: 138:             for (char i = 0; i < 3; i++) {
   556   000926  6A04               	clrf	main@i_178^0,c
   557   000928                     l764:
   558                           
   559                           ;LedsON.c: 141:                 LATB = 0b10000000;
   560   000928  0E80               	movlw	128
   561   00092A  6E8A               	movwf	138,c	;volatile
   562   00092C                     
   563                           ;LedsON.c: 142:                 _delay((unsigned long)((100)*(48000000/4000.0)));
   564   00092C  0E07               	movlw	7
   565   00092E  6E02               	movwf	(??_main+1)^0,c
   566   000930  0E17               	movlw	23
   567   000932  6E01               	movwf	??_main^0,c
   568   000934  0E6A               	movlw	106
   569   000936                     u177:
   570   000936  2EE8               	decfsz	wreg,f,c
   571   000938  D7FE               	bra	u177
   572   00093A  2E01               	decfsz	??_main^0,f,c
   573   00093C  D7FC               	bra	u177
   574   00093E  2E02               	decfsz	(??_main+1)^0,f,c
   575   000940  D7FA               	bra	u177
   576   000942  D000               	nop2	
   577   000944                     
   578                           ;LedsON.c: 145:                 LATB = 0b01000000;
   579   000944  0E40               	movlw	64
   580   000946  6E8A               	movwf	138,c	;volatile
   581                           
   582                           ;LedsON.c: 146:                 _delay((unsigned long)((100)*(48000000/4000.0)));
   583   000948  0E07               	movlw	7
   584   00094A  6E02               	movwf	(??_main+1)^0,c
   585   00094C  0E17               	movlw	23
   586   00094E  6E01               	movwf	??_main^0,c
   587   000950  0E6A               	movlw	106
   588   000952                     u187:
   589   000952  2EE8               	decfsz	wreg,f,c
   590   000954  D7FE               	bra	u187
   591   000956  2E01               	decfsz	??_main^0,f,c
   592   000958  D7FC               	bra	u187
   593   00095A  2E02               	decfsz	(??_main+1)^0,f,c
   594   00095C  D7FA               	bra	u187
   595   00095E  D000               	nop2	
   596   000960                     
   597                           ;LedsON.c: 149:                 LATB = 0b00100000;
   598   000960  0E20               	movlw	32
   599   000962  6E8A               	movwf	138,c	;volatile
   600   000964                     
   601                           ;LedsON.c: 150:                 _delay((unsigned long)((100)*(48000000/4000.0)));
   602   000964  0E07               	movlw	7
   603   000966  6E02               	movwf	(??_main+1)^0,c
   604   000968  0E17               	movlw	23
   605   00096A  6E01               	movwf	??_main^0,c
   606   00096C  0E6A               	movlw	106
   607   00096E                     u197:
   608   00096E  2EE8               	decfsz	wreg,f,c
   609   000970  D7FE               	bra	u197
   610   000972  2E01               	decfsz	??_main^0,f,c
   611   000974  D7FC               	bra	u197
   612   000976  2E02               	decfsz	(??_main+1)^0,f,c
   613   000978  D7FA               	bra	u197
   614   00097A  D000               	nop2	
   615                           
   616                           ;LedsON.c: 153:                 LATB = 0b00010000;
   617   00097C  0E10               	movlw	16
   618   00097E  6E8A               	movwf	138,c	;volatile
   619   000980                     
   620                           ;LedsON.c: 154:                 _delay((unsigned long)((100)*(48000000/4000.0)));
   621   000980  0E07               	movlw	7
   622   000982  6E02               	movwf	(??_main+1)^0,c
   623   000984  0E17               	movlw	23
   624   000986  6E01               	movwf	??_main^0,c
   625   000988  0E6A               	movlw	106
   626   00098A                     u207:
   627   00098A  2EE8               	decfsz	wreg,f,c
   628   00098C  D7FE               	bra	u207
   629   00098E  2E01               	decfsz	??_main^0,f,c
   630   000990  D7FC               	bra	u207
   631   000992  2E02               	decfsz	(??_main+1)^0,f,c
   632   000994  D7FA               	bra	u207
   633   000996  D000               	nop2	
   634   000998                     
   635                           ;LedsON.c: 157:                 LATB = 0b00001000;
   636   000998  0E08               	movlw	8
   637   00099A  6E8A               	movwf	138,c	;volatile
   638                           
   639                           ;LedsON.c: 158:                 _delay((unsigned long)((100)*(48000000/4000.0)));
   640   00099C  0E07               	movlw	7
   641   00099E  6E02               	movwf	(??_main+1)^0,c
   642   0009A0  0E17               	movlw	23
   643   0009A2  6E01               	movwf	??_main^0,c
   644   0009A4  0E6A               	movlw	106
   645   0009A6                     u217:
   646   0009A6  2EE8               	decfsz	wreg,f,c
   647   0009A8  D7FE               	bra	u217
   648   0009AA  2E01               	decfsz	??_main^0,f,c
   649   0009AC  D7FC               	bra	u217
   650   0009AE  2E02               	decfsz	(??_main+1)^0,f,c
   651   0009B0  D7FA               	bra	u217
   652   0009B2  D000               	nop2	
   653   0009B4                     
   654                           ;LedsON.c: 161:                 LATB = 0b00000100;
   655   0009B4  0E04               	movlw	4
   656   0009B6  6E8A               	movwf	138,c	;volatile
   657   0009B8                     
   658                           ;LedsON.c: 162:                 _delay((unsigned long)((100)*(48000000/4000.0)));
   659   0009B8  0E07               	movlw	7
   660   0009BA  6E02               	movwf	(??_main+1)^0,c
   661   0009BC  0E17               	movlw	23
   662   0009BE  6E01               	movwf	??_main^0,c
   663   0009C0  0E6A               	movlw	106
   664   0009C2                     u227:
   665   0009C2  2EE8               	decfsz	wreg,f,c
   666   0009C4  D7FE               	bra	u227
   667   0009C6  2E01               	decfsz	??_main^0,f,c
   668   0009C8  D7FC               	bra	u227
   669   0009CA  2E02               	decfsz	(??_main+1)^0,f,c
   670   0009CC  D7FA               	bra	u227
   671   0009CE  D000               	nop2	
   672                           
   673                           ;LedsON.c: 165:                 LATB = 0b00000010;
   674   0009D0  0E02               	movlw	2
   675   0009D2  6E8A               	movwf	138,c	;volatile
   676   0009D4                     
   677                           ;LedsON.c: 166:                 _delay((unsigned long)((100)*(48000000/4000.0)));
   678   0009D4  0E07               	movlw	7
   679   0009D6  6E02               	movwf	(??_main+1)^0,c
   680   0009D8  0E17               	movlw	23
   681   0009DA  6E01               	movwf	??_main^0,c
   682   0009DC  0E6A               	movlw	106
   683   0009DE                     u237:
   684   0009DE  2EE8               	decfsz	wreg,f,c
   685   0009E0  D7FE               	bra	u237
   686   0009E2  2E01               	decfsz	??_main^0,f,c
   687   0009E4  D7FC               	bra	u237
   688   0009E6  2E02               	decfsz	(??_main+1)^0,f,c
   689   0009E8  D7FA               	bra	u237
   690   0009EA  D000               	nop2	
   691   0009EC                     
   692                           ;LedsON.c: 169:                 LATB = 0b00000001;
   693   0009EC  0E01               	movlw	1
   694   0009EE  6E8A               	movwf	138,c	;volatile
   695                           
   696                           ;LedsON.c: 170:                 _delay((unsigned long)((100)*(48000000/4000.0)));
   697   0009F0  0E07               	movlw	7
   698   0009F2  6E02               	movwf	(??_main+1)^0,c
   699   0009F4  0E17               	movlw	23
   700   0009F6  6E01               	movwf	??_main^0,c
   701   0009F8  0E6A               	movlw	106
   702   0009FA                     u247:
   703   0009FA  2EE8               	decfsz	wreg,f,c
   704   0009FC  D7FE               	bra	u247
   705   0009FE  2E01               	decfsz	??_main^0,f,c
   706   000A00  D7FC               	bra	u247
   707   000A02  2E02               	decfsz	(??_main+1)^0,f,c
   708   000A04  D7FA               	bra	u247
   709   000A06  D000               	nop2	
   710   000A08                     
   711                           ;LedsON.c: 171:             }
   712   000A08  2A04               	incf	main@i_178^0,f,c
   713   000A0A  0E02               	movlw	2
   714   000A0C  6404               	cpfsgt	main@i_178^0,c
   715   000A0E  EF0B  F005         	goto	u41
   716   000A12  EF0D  F005         	goto	u40
   717   000A16                     u41:
   718   000A16  EF94  F004         	goto	l764
   719   000A1A                     u40:
   720   000A1A  EF09  F004         	goto	l726
   721   000A1E                     l22:
   722   000A1E  A483               	btfss	131,2,c	;volatile
   723   000A20  EF14  F005         	goto	u51
   724   000A24  EF16  F005         	goto	u50
   725   000A28                     u51:
   726   000A28  EF84  F005         	goto	l26
   727   000A2C                     u50:
   728   000A2C                     
   729                           ;LedsON.c: 176:             for (char i = 0; i < 3; i++) {
   730   000A2C  6A05               	clrf	main@i_179^0,c
   731   000A2E                     l794:
   732                           
   733                           ;LedsON.c: 179:                 LATB = 0b10000001;
   734   000A2E  0E81               	movlw	129
   735   000A30  6E8A               	movwf	138,c	;volatile
   736   000A32                     
   737                           ;LedsON.c: 180:                 _delay((unsigned long)((100)*(48000000/4000.0)));
   738   000A32  0E07               	movlw	7
   739   000A34  6E02               	movwf	(??_main+1)^0,c
   740   000A36  0E17               	movlw	23
   741   000A38  6E01               	movwf	??_main^0,c
   742   000A3A  0E6A               	movlw	106
   743   000A3C                     u257:
   744   000A3C  2EE8               	decfsz	wreg,f,c
   745   000A3E  D7FE               	bra	u257
   746   000A40  2E01               	decfsz	??_main^0,f,c
   747   000A42  D7FC               	bra	u257
   748   000A44  2E02               	decfsz	(??_main+1)^0,f,c
   749   000A46  D7FA               	bra	u257
   750   000A48  D000               	nop2	
   751   000A4A                     
   752                           ;LedsON.c: 183:                 LATB = 0b01000010;
   753   000A4A  0E42               	movlw	66
   754   000A4C  6E8A               	movwf	138,c	;volatile
   755                           
   756                           ;LedsON.c: 184:                 _delay((unsigned long)((100)*(48000000/4000.0)));
   757   000A4E  0E07               	movlw	7
   758   000A50  6E02               	movwf	(??_main+1)^0,c
   759   000A52  0E17               	movlw	23
   760   000A54  6E01               	movwf	??_main^0,c
   761   000A56  0E6A               	movlw	106
   762   000A58                     u267:
   763   000A58  2EE8               	decfsz	wreg,f,c
   764   000A5A  D7FE               	bra	u267
   765   000A5C  2E01               	decfsz	??_main^0,f,c
   766   000A5E  D7FC               	bra	u267
   767   000A60  2E02               	decfsz	(??_main+1)^0,f,c
   768   000A62  D7FA               	bra	u267
   769   000A64  D000               	nop2	
   770   000A66                     
   771                           ;LedsON.c: 187:                 LATB = 0b00100100;
   772   000A66  0E24               	movlw	36
   773   000A68  6E8A               	movwf	138,c	;volatile
   774   000A6A                     
   775                           ;LedsON.c: 188:                 _delay((unsigned long)((100)*(48000000/4000.0)));
   776   000A6A  0E07               	movlw	7
   777   000A6C  6E02               	movwf	(??_main+1)^0,c
   778   000A6E  0E17               	movlw	23
   779   000A70  6E01               	movwf	??_main^0,c
   780   000A72  0E6A               	movlw	106
   781   000A74                     u277:
   782   000A74  2EE8               	decfsz	wreg,f,c
   783   000A76  D7FE               	bra	u277
   784   000A78  2E01               	decfsz	??_main^0,f,c
   785   000A7A  D7FC               	bra	u277
   786   000A7C  2E02               	decfsz	(??_main+1)^0,f,c
   787   000A7E  D7FA               	bra	u277
   788   000A80  D000               	nop2	
   789                           
   790                           ;LedsON.c: 191:                 LATB = 0b00011000;
   791   000A82  0E18               	movlw	24
   792   000A84  6E8A               	movwf	138,c	;volatile
   793   000A86                     
   794                           ;LedsON.c: 192:                 _delay((unsigned long)((100)*(48000000/4000.0)));
   795   000A86  0E07               	movlw	7
   796   000A88  6E02               	movwf	(??_main+1)^0,c
   797   000A8A  0E17               	movlw	23
   798   000A8C  6E01               	movwf	??_main^0,c
   799   000A8E  0E6A               	movlw	106
   800   000A90                     u287:
   801   000A90  2EE8               	decfsz	wreg,f,c
   802   000A92  D7FE               	bra	u287
   803   000A94  2E01               	decfsz	??_main^0,f,c
   804   000A96  D7FC               	bra	u287
   805   000A98  2E02               	decfsz	(??_main+1)^0,f,c
   806   000A9A  D7FA               	bra	u287
   807   000A9C  D000               	nop2	
   808   000A9E                     
   809                           ;LedsON.c: 194:                 LATB = 0b00100100;
   810   000A9E  0E24               	movlw	36
   811   000AA0  6E8A               	movwf	138,c	;volatile
   812                           
   813                           ;LedsON.c: 195:                 _delay((unsigned long)((100)*(48000000/4000.0)));
   814   000AA2  0E07               	movlw	7
   815   000AA4  6E02               	movwf	(??_main+1)^0,c
   816   000AA6  0E17               	movlw	23
   817   000AA8  6E01               	movwf	??_main^0,c
   818   000AAA  0E6A               	movlw	106
   819   000AAC                     u297:
   820   000AAC  2EE8               	decfsz	wreg,f,c
   821   000AAE  D7FE               	bra	u297
   822   000AB0  2E01               	decfsz	??_main^0,f,c
   823   000AB2  D7FC               	bra	u297
   824   000AB4  2E02               	decfsz	(??_main+1)^0,f,c
   825   000AB6  D7FA               	bra	u297
   826   000AB8  D000               	nop2	
   827   000ABA                     
   828                           ;LedsON.c: 197:                 LATB = 0b01000010;
   829   000ABA  0E42               	movlw	66
   830   000ABC  6E8A               	movwf	138,c	;volatile
   831   000ABE                     
   832                           ;LedsON.c: 198:                 _delay((unsigned long)((100)*(48000000/4000.0)));
   833   000ABE  0E07               	movlw	7
   834   000AC0  6E02               	movwf	(??_main+1)^0,c
   835   000AC2  0E17               	movlw	23
   836   000AC4  6E01               	movwf	??_main^0,c
   837   000AC6  0E6A               	movlw	106
   838   000AC8                     u307:
   839   000AC8  2EE8               	decfsz	wreg,f,c
   840   000ACA  D7FE               	bra	u307
   841   000ACC  2E01               	decfsz	??_main^0,f,c
   842   000ACE  D7FC               	bra	u307
   843   000AD0  2E02               	decfsz	(??_main+1)^0,f,c
   844   000AD2  D7FA               	bra	u307
   845   000AD4  D000               	nop2	
   846   000AD6                     
   847                           ;LedsON.c: 200:             }
   848   000AD6  2A05               	incf	main@i_179^0,f,c
   849   000AD8  0E02               	movlw	2
   850   000ADA  6405               	cpfsgt	main@i_179^0,c
   851   000ADC  EF72  F005         	goto	u61
   852   000AE0  EF74  F005         	goto	u60
   853   000AE4                     u61:
   854   000AE4  EF17  F005         	goto	l794
   855   000AE8                     u60:
   856   000AE8                     
   857                           ;LedsON.c: 201:             LATB = 0b10000001;
   858   000AE8  0E81               	movlw	129
   859   000AEA  6E8A               	movwf	138,c	;volatile
   860   000AEC                     
   861                           ;LedsON.c: 202:             _delay((unsigned long)((100)*(48000000/4000.0)));
   862   000AEC  0E07               	movlw	7
   863   000AEE  6E02               	movwf	(??_main+1)^0,c
   864   000AF0  0E17               	movlw	23
   865   000AF2  6E01               	movwf	??_main^0,c
   866   000AF4  0E6A               	movlw	106
   867   000AF6                     u317:
   868   000AF6  2EE8               	decfsz	wreg,f,c
   869   000AF8  D7FE               	bra	u317
   870   000AFA  2E01               	decfsz	??_main^0,f,c
   871   000AFC  D7FC               	bra	u317
   872   000AFE  2E02               	decfsz	(??_main+1)^0,f,c
   873   000B00  D7FA               	bra	u317
   874   000B02  D000               	nop2	
   875                           
   876                           ;LedsON.c: 203:         }
   877   000B04  EF09  F004         	goto	l726
   878   000B08                     l26:
   879   000B08  A683               	btfss	131,3,c	;volatile
   880   000B0A  EF89  F005         	goto	u71
   881   000B0E  EF8B  F005         	goto	u70
   882   000B12                     u71:
   883   000B12  EF08  F004         	goto	l724
   884   000B16                     u70:
   885   000B16                     
   886                           ;LedsON.c: 206:             for (char i = 0; i < 3; i++) {
   887   000B16  6A06               	clrf	main@i_180^0,c
   888   000B18                     l826:
   889                           
   890                           ;LedsON.c: 207:                 LATB = 0b00001111;
   891   000B18  0E0F               	movlw	15
   892   000B1A  6E8A               	movwf	138,c	;volatile
   893   000B1C                     
   894                           ;LedsON.c: 208:                 _delay((unsigned long)((400)*(48000000/4000.0)));
   895   000B1C  0E19               	movlw	25
   896   000B1E  6E02               	movwf	(??_main+1)^0,c
   897   000B20  0E5A               	movlw	90
   898   000B22  6E01               	movwf	??_main^0,c
   899   000B24  0EB2               	movlw	178
   900   000B26                     u327:
   901   000B26  2EE8               	decfsz	wreg,f,c
   902   000B28  D7FE               	bra	u327
   903   000B2A  2E01               	decfsz	??_main^0,f,c
   904   000B2C  D7FC               	bra	u327
   905   000B2E  2E02               	decfsz	(??_main+1)^0,f,c
   906   000B30  D7FA               	bra	u327
   907   000B32                     
   908                           ;LedsON.c: 209:                 LATB = 0b11110000;
   909   000B32  0EF0               	movlw	240
   910   000B34  6E8A               	movwf	138,c	;volatile
   911                           
   912                           ;LedsON.c: 210:                 _delay((unsigned long)((400)*(48000000/4000.0)));
   913   000B36  0E19               	movlw	25
   914   000B38  6E02               	movwf	(??_main+1)^0,c
   915   000B3A  0E5A               	movlw	90
   916   000B3C  6E01               	movwf	??_main^0,c
   917   000B3E  0EB2               	movlw	178
   918   000B40                     u337:
   919   000B40  2EE8               	decfsz	wreg,f,c
   920   000B42  D7FE               	bra	u337
   921   000B44  2E01               	decfsz	??_main^0,f,c
   922   000B46  D7FC               	bra	u337
   923   000B48  2E02               	decfsz	(??_main+1)^0,f,c
   924   000B4A  D7FA               	bra	u337
   925   000B4C                     
   926                           ;LedsON.c: 211:             }
   927   000B4C  2A06               	incf	main@i_180^0,f,c
   928   000B4E  0E02               	movlw	2
   929   000B50  6406               	cpfsgt	main@i_180^0,c
   930   000B52  EFAD  F005         	goto	u81
   931   000B56  EFAF  F005         	goto	u80
   932   000B5A                     u81:
   933   000B5A  EF8C  F005         	goto	l826
   934   000B5E                     u80:
   935   000B5E  EF09  F004         	goto	l726
   936   000B62  EFFE  F03F         	goto	start
   937   000B66                     __end_of_main:
   938                           	callstack 0
   939                           
   940                           	psect	smallconst
   941   000800                     __psmallconst:
   942                           	callstack 0
   943   000800  00                 	db	0
   944   000801  00                 	db	0	; dummy byte at the end
   945   000800                     __smallconst    set	__psmallconst
   946   000800                     __mediumconst   set	__psmallconst
   947   000000                     __activetblptr  equ	0
   948                           
   949                           	psect	rparam
   950   000001                     ___rparam_used  equ	1
   951   000000                     ___param_bank   equ	0
   952   000000                     __Lparam        equ	__Lrparam
   953   000000                     __Hparam        equ	__Hrparam
   954                           
   955                           	psect	idloc
   956                           
   957                           ;Config register IDLOC0 @ 0x200000
   958                           ;	unspecified, using default values
   959   200000                     	org	2097152
   960   200000  FF                 	db	255
   961                           
   962                           ;Config register IDLOC1 @ 0x200001
   963                           ;	unspecified, using default values
   964   200001                     	org	2097153
   965   200001  FF                 	db	255
   966                           
   967                           ;Config register IDLOC2 @ 0x200002
   968                           ;	unspecified, using default values
   969   200002                     	org	2097154
   970   200002  FF                 	db	255
   971                           
   972                           ;Config register IDLOC3 @ 0x200003
   973                           ;	unspecified, using default values
   974   200003                     	org	2097155
   975   200003  FF                 	db	255
   976                           
   977                           ;Config register IDLOC4 @ 0x200004
   978                           ;	unspecified, using default values
   979   200004                     	org	2097156
   980   200004  FF                 	db	255
   981                           
   982                           ;Config register IDLOC5 @ 0x200005
   983                           ;	unspecified, using default values
   984   200005                     	org	2097157
   985   200005  FF                 	db	255
   986                           
   987                           ;Config register IDLOC6 @ 0x200006
   988                           ;	unspecified, using default values
   989   200006                     	org	2097158
   990   200006  FF                 	db	255
   991                           
   992                           ;Config register IDLOC7 @ 0x200007
   993                           ;	unspecified, using default values
   994   200007                     	org	2097159
   995   200007  FF                 	db	255
   996                           
   997                           	psect	config
   998                           
   999                           ;Config register CONFIG1L @ 0x300000
  1000                           ;	PLL Prescaler Selection bits
  1001                           ;	PLLDIV = 2, Divide by 2 (8 MHz oscillator input)
  1002                           ;	System Clock Postscaler Selection bits
  1003                           ;	CPUDIV = OSC1_PLL2, [Primary Oscillator Src: /1][96 MHz PLL Src: /2]
  1004                           ;	USB Clock Selection bit (used in Full-Speed USB mode only; UCFG:FSEN = 1)
  1005                           ;	USBDIV = 2, USB clock source comes from the 96 MHz PLL divided by 2
  1006   300000                     	org	3145728
  1007   300000  21                 	db	33
  1008                           
  1009                           ;Config register CONFIG1H @ 0x300001
  1010                           ;	Oscillator Selection bits
  1011                           ;	FOSC = HSPLL_HS, HS oscillator, PLL enabled (HSPLL)
  1012                           ;	Fail-Safe Clock Monitor Enable bit
  1013                           ;	FCMEN = OFF, Fail-Safe Clock Monitor disabled
  1014                           ;	Internal/External Oscillator Switchover bit
  1015                           ;	IESO = OFF, Oscillator Switchover mode disabled
  1016   300001                     	org	3145729
  1017   300001  0E                 	db	14
  1018                           
  1019                           ;Config register CONFIG2L @ 0x300002
  1020                           ;	Power-up Timer Enable bit
  1021                           ;	PWRT = OFF, PWRT disabled
  1022                           ;	Brown-out Reset Enable bits
  1023                           ;	BOR = OFF, Brown-out Reset disabled in hardware and software
  1024                           ;	Brown-out Reset Voltage bits
  1025                           ;	BORV = 3, Minimum setting 2.05V
  1026                           ;	USB Voltage Regulator Enable bit
  1027                           ;	VREGEN = OFF, USB voltage regulator disabled
  1028   300002                     	org	3145730
  1029   300002  19                 	db	25
  1030                           
  1031                           ;Config register CONFIG2H @ 0x300003
  1032                           ;	Watchdog Timer Enable bit
  1033                           ;	WDT = OFF, WDT disabled (control is placed on the SWDTEN bit)
  1034                           ;	Watchdog Timer Postscale Select bits
  1035                           ;	WDTPS = 32768, 1:32768
  1036   300003                     	org	3145731
  1037   300003  1E                 	db	30
  1038                           
  1039                           ; Padding undefined space
  1040   300004                     	org	3145732
  1041   300004  FF                 	db	255
  1042                           
  1043                           ;Config register CONFIG3H @ 0x300005
  1044                           ;	CCP2 MUX bit
  1045                           ;	CCP2MX = OFF, CCP2 input/output is multiplexed with RB3
  1046                           ;	PORTB A/D Enable bit
  1047                           ;	PBADEN = OFF, PORTB<4:0> pins are configured as digital I/O on Reset
  1048                           ;	Low-Power Timer 1 Oscillator Enable bit
  1049                           ;	LPT1OSC = OFF, Timer1 configured for higher power operation
  1050                           ;	MCLR Pin Enable bit
  1051                           ;	MCLRE = ON, MCLR pin enabled; RE3 input pin disabled
  1052   300005                     	org	3145733
  1053   300005  80                 	db	128
  1054                           
  1055                           ;Config register CONFIG4L @ 0x300006
  1056                           ;	Stack Full/Underflow Reset Enable bit
  1057                           ;	STVREN = OFF, Stack full/underflow will not cause Reset
  1058                           ;	Single-Supply ICSP Enable bit
  1059                           ;	LVP = OFF, Single-Supply ICSP disabled
  1060                           ;	Dedicated In-Circuit Debug/Programming Port (ICPORT) Enable bit
  1061                           ;	ICPRT = OFF, ICPORT disabled
  1062                           ;	Extended Instruction Set Enable bit
  1063                           ;	XINST = OFF, Instruction set extension and Indexed Addressing mode disabled (Legacy mo
      +                          de)
  1064                           ;	Background Debugger Enable bit
  1065                           ;	DEBUG = 0x1, unprogrammed default
  1066   300006                     	org	3145734
  1067   300006  80                 	db	128
  1068                           
  1069                           ; Padding undefined space
  1070   300007                     	org	3145735
  1071   300007  FF                 	db	255
  1072                           
  1073                           ;Config register CONFIG5L @ 0x300008
  1074                           ;	Code Protection bit
  1075                           ;	CP0 = OFF, Block 0 (000800-001FFFh) is not code-protected
  1076                           ;	Code Protection bit
  1077                           ;	CP1 = OFF, Block 1 (002000-003FFFh) is not code-protected
  1078                           ;	Code Protection bit
  1079                           ;	CP2 = OFF, Block 2 (004000-005FFFh) is not code-protected
  1080                           ;	Code Protection bit
  1081                           ;	CP3 = OFF, Block 3 (006000-007FFFh) is not code-protected
  1082   300008                     	org	3145736
  1083   300008  0F                 	db	15
  1084                           
  1085                           ;Config register CONFIG5H @ 0x300009
  1086                           ;	Boot Block Code Protection bit
  1087                           ;	CPB = OFF, Boot block (000000-0007FFh) is not code-protected
  1088                           ;	Data EEPROM Code Protection bit
  1089                           ;	CPD = OFF, Data EEPROM is not code-protected
  1090   300009                     	org	3145737
  1091   300009  C0                 	db	192
  1092                           
  1093                           ;Config register CONFIG6L @ 0x30000A
  1094                           ;	Write Protection bit
  1095                           ;	WRT0 = OFF, Block 0 (000800-001FFFh) is not write-protected
  1096                           ;	Write Protection bit
  1097                           ;	WRT1 = OFF, Block 1 (002000-003FFFh) is not write-protected
  1098                           ;	Write Protection bit
  1099                           ;	WRT2 = OFF, Block 2 (004000-005FFFh) is not write-protected
  1100                           ;	Write Protection bit
  1101                           ;	WRT3 = OFF, Block 3 (006000-007FFFh) is not write-protected
  1102   30000A                     	org	3145738
  1103   30000A  0F                 	db	15
  1104                           
  1105                           ;Config register CONFIG6H @ 0x30000B
  1106                           ;	Configuration Register Write Protection bit
  1107                           ;	WRTC = OFF, Configuration registers (300000-3000FFh) are not write-protected
  1108                           ;	Boot Block Write Protection bit
  1109                           ;	WRTB = OFF, Boot block (000000-0007FFh) is not write-protected
  1110                           ;	Data EEPROM Write Protection bit
  1111                           ;	WRTD = OFF, Data EEPROM is not write-protected
  1112   30000B                     	org	3145739
  1113   30000B  E0                 	db	224
  1114                           
  1115                           ;Config register CONFIG7L @ 0x30000C
  1116                           ;	Table Read Protection bit
  1117                           ;	EBTR0 = OFF, Block 0 (000800-001FFFh) is not protected from table reads executed in ot
      +                          her blocks
  1118                           ;	Table Read Protection bit
  1119                           ;	EBTR1 = OFF, Block 1 (002000-003FFFh) is not protected from table reads executed in ot
      +                          her blocks
  1120                           ;	Table Read Protection bit
  1121                           ;	EBTR2 = OFF, Block 2 (004000-005FFFh) is not protected from table reads executed in ot
      +                          her blocks
  1122                           ;	Table Read Protection bit
  1123                           ;	EBTR3 = OFF, Block 3 (006000-007FFFh) is not protected from table reads executed in ot
      +                          her blocks
  1124   30000C                     	org	3145740
  1125   30000C  0F                 	db	15
  1126                           
  1127                           ;Config register CONFIG7H @ 0x30000D
  1128                           ;	Boot Block Table Read Protection bit
  1129                           ;	EBTRB = OFF, Boot block (000000-0007FFh) is not protected from table reads executed in
      +                           other blocks
  1130   30000D                     	org	3145741
  1131   30000D  40                 	db	64
  1132                           tosu	equ	0xFFF
  1133                           tosh	equ	0xFFE
  1134                           tosl	equ	0xFFD
  1135                           stkptr	equ	0xFFC
  1136                           pclatu	equ	0xFFB
  1137                           pclath	equ	0xFFA
  1138                           pcl	equ	0xFF9
  1139                           tblptru	equ	0xFF8
  1140                           tblptrh	equ	0xFF7
  1141                           tblptrl	equ	0xFF6
  1142                           tablat	equ	0xFF5
  1143                           prodh	equ	0xFF4
  1144                           prodl	equ	0xFF3
  1145                           indf0	equ	0xFEF
  1146                           postinc0	equ	0xFEE
  1147                           postdec0	equ	0xFED
  1148                           preinc0	equ	0xFEC
  1149                           plusw0	equ	0xFEB
  1150                           fsr0h	equ	0xFEA
  1151                           fsr0l	equ	0xFE9
  1152                           wreg	equ	0xFE8
  1153                           indf1	equ	0xFE7
  1154                           postinc1	equ	0xFE6
  1155                           postdec1	equ	0xFE5
  1156                           preinc1	equ	0xFE4
  1157                           plusw1	equ	0xFE3
  1158                           fsr1h	equ	0xFE2
  1159                           fsr1l	equ	0xFE1
  1160                           bsr	equ	0xFE0
  1161                           indf2	equ	0xFDF
  1162                           postinc2	equ	0xFDE
  1163                           postdec2	equ	0xFDD
  1164                           preinc2	equ	0xFDC
  1165                           plusw2	equ	0xFDB
  1166                           fsr2h	equ	0xFDA
  1167                           fsr2l	equ	0xFD9
  1168                           status	equ	0xFD8

Data Sizes:
    Strings     0
    Constant    0
    Data        0
    BSS         0
    Persistent  0
    Stack       0

Auto Spaces:
    Space          Size  Autos    Used
    COMRAM           95      6       6
    BANK0           160      0       0
    BANK1           256      0       0
    BANK2           256      0       0
    BANK3           256      0       0
    BANK4           256      0       0
    BANK5           256      0       0
    BANK6           256      0       0
    BANK7           256      0       0

Pointer List with Targets:

    None.

Critical Paths under _main in COMRAM

    None.

Critical Paths under _main in BANK0

    None.

Critical Paths under _main in BANK1

    None.

Critical Paths under _main in BANK2

    None.

Critical Paths under _main in BANK3

    None.

Critical Paths under _main in BANK4

    None.

Critical Paths under _main in BANK5

    None.

Critical Paths under _main in BANK6

    None.

Critical Paths under _main in BANK7

    None.

Call Graph Tables:

 ---------------------------------------------------------------------------------
 (Depth) Function   	        Calls       Base Space   Used Autos Params    Refs
 ---------------------------------------------------------------------------------
 (0) _main                                                 6     6      0     120
                                              0 COMRAM     6     6      0
 ---------------------------------------------------------------------------------
 Estimated maximum stack depth 0
 ---------------------------------------------------------------------------------

 Call Graph Graphs:

 _main (ROOT)

Address spaces:
Name               Size   Autos  Total    Usage
BITCOMRAM           95      0       0      0.0%
BITBANK0           160      0       0      0.0%
BITBANK1           256      0       0      0.0%
BITBANK2           256      0       0      0.0%
BITBANK3           256      0       0      0.0%
BITBANK4           256      0       0      0.0%
BITBANK5           256      0       0      0.0%
BITBANK6           256      0       0      0.0%
BITBANK7           256      0       0      0.0%
BITBIGSFRh         124      0       0      0.0%
BITBIGSFRl          35      0       0      0.0%
COMRAM              95      6       6      6.3%
BANK0              160      0       0      0.0%
BANK1              256      0       0      0.0%
BANK2              256      0       0      0.0%
BANK3              256      0       0      0.0%
BANK4              256      0       0      0.0%
BANK5              256      0       0      0.0%
BANK6              256      0       0      0.0%
BANK7              256      0       0      0.0%
BIGRAM            2047      0       0      0.0%
STACK                0      0       0      0.0%
DATA                 0      0       6      0.0%


Microchip Technology PIC18 Macro Assembler V3.00 build 20241204225717 
Symbol Table                                                                                   Thu Jul 10 15:26:40 2025

                     l22 0A1E                       l26 0B08                       l18 0918  
                     u10 0820                       u11 081C                       u20 0914  
                     u21 0910                       u30 0926                       u31 0922  
                     u40 0A1A                       u41 0A16                       u50 0A2C  
                     u51 0A28                       u60 0AE8                       u61 0AE4  
                     u70 0B16                       u71 0B12                       u80 0B5E  
                     u81 0B5A                       u97 0830                      l800 0A66  
                    l720 080C                      l712 0802                      l810 0ABE  
                    l802 0A6A                      l722 080E                      l714 0806  
                    l820 0B16                      l812 0AD6                      l804 0A86  
                    l740 085A                      l724 0810                      l716 0808  
                    l830 0B32                      l814 0AD8                      l806 0A9E  
                    l750 08B2                      l742 085E                      l734 0822  
                    l726 0812                      l718 080A                      l832 0B4C  
                    l816 0AE8                      l808 0ABA                      l752 08CE  
                    l744 087A                      l736 0826                      l728 0820  
                    l826 0B18                      l818 0AEC                      l770 0960  
                    l754 08E6                      l746 0892                      l738 083E  
                    l828 0B1C                      l780 09B8                      l772 0964  
                    l764 0928                      l756 0902                      l748 08AE  
                    l782 09D4                      l774 0980                      l766 092C  
                    l758 0926                      l784 09EC                      l776 0998  
                    l768 0944                      l794 0A2E                      l786 0A08  
                    l778 09B4                      l796 0A32                      l788 0A2C  
                    l798 0A4A                      u107 084C                      u117 0868  
                    u207 098A                      u127 0884                      u217 09A6  
                    u137 08A0                      u307 0AC8                      u227 09C2  
                    u147 08BC                      u317 0AF6                      u237 09DE  
                    u157 08D8                      u327 0B26                      u247 09FA  
                    u167 08F4                      u337 0B40                      u257 0A3C  
                    u177 0936                      u267 0A58                      u187 0952  
                    u277 0A74                      u197 096E                      u287 0A90  
                    u297 0AAC                      wreg 0FE8                     _LATB 0F8A  
                   _main 0802                     start 7FFC             ___param_bank 0000  
                  ?_main 0001                    _TRISB 0F93                    main@i 0003  
        __initialization 0B66             __end_of_main 0B66                   ??_main 0001  
          __activetblptr 0000                   isa$std 0001             __mediumconst 0800  
             __accesstop 0060  __end_of__initialization 0B66            ___rparam_used 0001  
         __pcstackCOMRAM 0001                  __Hparam 0000                  __Lparam 0000  
           __psmallconst 0800                  __pcinit 0B66                  __ramtop 0800  
                __ptext0 0802     end_of_initialization 0B66                _PORTDbits 0F83  
              _TRISDbits 0F95      start_initialization 0B66              __smallconst 0800  
             _ADCON1bits 0FC1                main@i_180 0006                main@i_178 0004  
              main@i_179 0005                 __Hrparam 0000                 __Lrparam 0000  
               isa$xinst 0000  
